\BOOKMARK [0][-]{toc.0}{\376\377\000T\000a\000b\000l\000e\000\040\000o\000f\000\040\000C\000o\000n\000t\000e\000n\000t\000s}{}% 1
\BOOKMARK [0][-]{chapter.1}{\376\377\000I\000n\000s\000t\000a\000l\000l\000a\000t\000i\000o\000n\000\040\000a\000n\000d\000\040\000G\000e\000t\000t\000i\000n\000g\000\040\000S\000t\000a\000r\000t\000e\000d}{}% 2
\BOOKMARK [1][-]{section.1.1}{\376\377\000G\000e\000t\000t\000i\000n\000g\000\040\000s\000t\000a\000r\000t\000e\000d}{chapter.1}% 3
\BOOKMARK [2][-]{subsection.1.1.1}{\376\377\000W\000h\000a\000t\000\040\000i\000s\000\040\000E\000x\000u\000d\000y\000n\000?}{section.1.1}% 4
\BOOKMARK [2][-]{subsection.1.1.2}{\376\377\000D\000e\000v\000e\000l\000o\000p\000e\000r\000s\000\040\000o\000f\000\040\000E\000x\000u\000d\000y\000n\000\040\000a\000n\000d\000\040\000t\000h\000a\000n\000k\000s}{section.1.1}% 5
\BOOKMARK [1][-]{section.1.2}{\376\377\000I\000n\000s\000t\000a\000l\000l\000a\000t\000i\000o\000n\000\040\000i\000n\000s\000t\000r\000u\000c\000t\000i\000o\000n\000s}{chapter.1}% 6
\BOOKMARK [2][-]{subsection.1.2.1}{\376\377\000R\000e\000q\000u\000i\000r\000e\000m\000e\000n\000t\000s\000\040\000f\000o\000r\000\040\000E\000x\000u\000d\000y\000n\000?}{section.1.2}% 7
\BOOKMARK [2][-]{subsection.1.2.2}{\376\377\000I\000n\000s\000t\000a\000l\000l\000\040\000E\000x\000u\000d\000y\000n\000\040\000w\000i\000t\000h\000\040\000P\000I\000P\000\040\000I\000N\000S\000T\000A\000L\000L\000E\000R\000\040\000\050\000p\000y\000p\000i\000.\000o\000r\000g\000\051}{section.1.2}% 8
\BOOKMARK [2][-]{subsection.1.2.3}{\376\377\000I\000n\000s\000t\000a\000l\000l\000\040\000f\000r\000o\000m\000\040\000s\000p\000e\000c\000i\000f\000i\000c\000\040\000W\000h\000e\000e\000l\000\040\000\050\000U\000b\000u\000n\000t\000u\000\040\000a\000n\000d\000\040\000W\000i\000n\000d\000o\000w\000s\000\051}{section.1.2}% 9
\BOOKMARK [2][-]{subsection.1.2.4}{\376\377\000B\000u\000i\000l\000d\000\040\000a\000n\000d\000\040\000i\000n\000s\000t\000a\000l\000l\000\040\000E\000x\000u\000d\000y\000n\000\040\000u\000n\000d\000e\000r\000\040\000W\000i\000n\000d\000o\000w\000s\000\040\0001\0000}{section.1.2}% 10
\BOOKMARK [2][-]{subsection.1.2.5}{\376\377\000B\000u\000i\000l\000d\000\040\000a\000n\000d\000\040\000i\000n\000s\000t\000a\000l\000l\000\040\000E\000x\000u\000d\000y\000n\000\040\000u\000n\000d\000e\000r\000\040\000M\000a\000c\000\040\000O\000S\000\040\000X}{section.1.2}% 11
\BOOKMARK [2][-]{subsection.1.2.6}{\376\377\000B\000u\000i\000l\000d\000\040\000a\000n\000d\000\040\000i\000n\000s\000t\000a\000l\000l\000\040\000E\000x\000u\000d\000y\000n\000\040\000u\000n\000d\000e\000r\000\040\000U\000b\000u\000n\000t\000u}{section.1.2}% 12
\BOOKMARK [2][-]{subsection.1.2.7}{\376\377\000U\000n\000i\000n\000s\000t\000a\000l\000l\000\040\000E\000x\000u\000d\000y\000n}{section.1.2}% 13
\BOOKMARK [2][-]{subsection.1.2.8}{\376\377\000H\000o\000w\000\040\000t\000o\000\040\000i\000n\000s\000t\000a\000l\000l\000\040\000E\000x\000u\000d\000y\000n\000\040\000a\000n\000d\000\040\000u\000s\000e\000\040\000t\000h\000e\000\040\000C\000+\000+\000\040\000s\000o\000u\000r\000c\000e\000\040\000c\000o\000d\000e\000\040\000\050\000a\000d\000v\000a\000n\000c\000e\000d\000\051\000?}{section.1.2}% 14
\BOOKMARK [1][-]{section.1.3}{\376\377\000F\000u\000r\000t\000h\000e\000r\000\040\000n\000o\000t\000e\000s}{chapter.1}% 15
\BOOKMARK [2][-]{subsection.1.3.1}{\376\377\000G\000o\000a\000l\000s\000\040\000o\000f\000\040\000E\000x\000u\000d\000y\000n}{section.1.3}% 16
\BOOKMARK [1][-]{section.1.4}{\376\377\000R\000u\000n\000\040\000a\000\040\000s\000i\000m\000p\000l\000e\000\040\000e\000x\000a\000m\000p\000l\000e\000\040\000i\000n\000\040\000P\000y\000t\000h\000o\000n}{chapter.1}% 17
\BOOKMARK [1][-]{section.1.5}{\376\377\000T\000r\000o\000u\000b\000l\000e\000\040\000s\000h\000o\000o\000t\000i\000n\000g\000\040\000a\000n\000d\000\040\000F\000A\000Q}{chapter.1}% 18
\BOOKMARK [2][-]{subsection.1.5.1}{\376\377\000T\000r\000o\000u\000b\000l\000e\000\040\000s\000h\000o\000o\000t\000i\000n\000g}{section.1.5}% 19
\BOOKMARK [2][-]{subsection.1.5.2}{\376\377\000F\000A\000Q}{section.1.5}% 20
\BOOKMARK [0][-]{chapter.2}{\376\377\000O\000v\000e\000r\000v\000i\000e\000w\000\040\000o\000n\000\040\000E\000x\000u\000d\000y\000n}{}% 21
\BOOKMARK [1][-]{section.2.1}{\376\377\000M\000o\000d\000u\000l\000e\000\040\000s\000t\000r\000u\000c\000t\000u\000r\000e}{chapter.2}% 22
\BOOKMARK [2][-]{subsection.2.1.1}{\376\377\000O\000v\000e\000r\000v\000i\000e\000w\000\040\000o\000f\000\040\000m\000o\000d\000u\000l\000e\000s}{section.2.1}% 23
\BOOKMARK [2][-]{subsection.2.1.2}{\376\377\000C\000o\000n\000v\000e\000n\000t\000i\000o\000n\000s\000:\000\040\000i\000t\000e\000m\000s\000,\000\040\000i\000n\000d\000e\000x\000e\000s\000,\000\040\000c\000o\000o\000r\000d\000i\000n\000a\000t\000e\000s}{section.2.1}% 24
\BOOKMARK [1][-]{section.2.2}{\376\377\000I\000t\000e\000m\000s\000:\000\040\000N\000o\000d\000e\000s\000,\000\040\000O\000b\000j\000e\000c\000t\000s\000,\000\040\000L\000o\000a\000d\000s\000,\000\040\000M\000a\000r\000k\000e\000r\000s\000,\000\040\000S\000e\000n\000s\000o\000r\000s\000,\000\040\000.\000.\000.}{chapter.2}% 25
\BOOKMARK [2][-]{subsection.2.2.1}{\376\377\000N\000o\000d\000e\000s}{section.2.2}% 26
\BOOKMARK [2][-]{subsection.2.2.2}{\376\377\000O\000b\000j\000e\000c\000t\000s}{section.2.2}% 27
\BOOKMARK [2][-]{subsection.2.2.3}{\376\377\000M\000a\000r\000k\000e\000r\000s}{section.2.2}% 28
\BOOKMARK [2][-]{subsection.2.2.4}{\376\377\000L\000o\000a\000d\000s}{section.2.2}% 29
\BOOKMARK [2][-]{subsection.2.2.5}{\376\377\000S\000e\000n\000s\000o\000r\000s}{section.2.2}% 30
\BOOKMARK [2][-]{subsection.2.2.6}{\376\377\000R\000e\000f\000e\000r\000e\000n\000c\000e\000\040\000c\000o\000o\000r\000d\000i\000n\000a\000t\000e\000s\000\040\000a\000n\000d\000\040\000d\000i\000s\000p\000l\000a\000c\000e\000m\000e\000n\000t\000s}{section.2.2}% 31
\BOOKMARK [1][-]{section.2.3}{\376\377\000M\000a\000p\000p\000i\000n\000g\000\040\000b\000e\000t\000w\000e\000e\000n\000\040\000l\000o\000c\000a\000l\000\040\000a\000n\000d\000\040\000g\000l\000o\000b\000a\000l\000\040\000c\000o\000o\000r\000d\000i\000n\000a\000t\000e\000\040\000i\000n\000d\000i\000c\000e\000s}{chapter.2}% 32
\BOOKMARK [1][-]{section.2.4}{\376\377\000E\000x\000u\000d\000y\000n\000\040\000B\000a\000s\000i\000c\000s}{chapter.2}% 33
\BOOKMARK [2][-]{subsection.2.4.1}{\376\377\000I\000n\000t\000e\000r\000a\000c\000t\000i\000o\000n\000\040\000w\000i\000t\000h\000\040\000t\000h\000e\000\040\000E\000x\000u\000d\000y\000n\000\040\000m\000o\000d\000u\000l\000e}{section.2.4}% 34
\BOOKMARK [2][-]{subsection.2.4.2}{\376\377\000S\000i\000m\000u\000l\000a\000t\000i\000o\000n\000\040\000s\000e\000t\000t\000i\000n\000g\000s}{section.2.4}% 35
\BOOKMARK [2][-]{subsection.2.4.3}{\376\377\000G\000e\000n\000e\000r\000a\000t\000i\000n\000g\000\040\000o\000u\000t\000p\000u\000t\000\040\000a\000n\000d\000\040\000r\000e\000s\000u\000l\000t\000s}{section.2.4}% 36
\BOOKMARK [2][-]{subsection.2.4.4}{\376\377\000R\000e\000n\000d\000e\000r\000e\000r\000\040\000a\000n\000d\000\040\0003\000D\000\040\000g\000r\000a\000p\000h\000i\000c\000s}{section.2.4}% 37
\BOOKMARK [2][-]{subsection.2.4.5}{\376\377\000V\000i\000s\000u\000a\000l\000i\000z\000a\000t\000i\000o\000n\000\040\000s\000e\000t\000t\000i\000n\000g\000s\000\040\000d\000i\000a\000l\000o\000g}{section.2.4}% 38
\BOOKMARK [2][-]{subsection.2.4.6}{\376\377\000E\000x\000e\000c\000u\000t\000e\000\040\000C\000o\000m\000m\000a\000n\000d\000\040\000a\000n\000d\000\040\000H\000e\000l\000p}{section.2.4}% 39
\BOOKMARK [2][-]{subsection.2.4.7}{\376\377\000G\000r\000a\000p\000h\000i\000c\000s\000\040\000p\000i\000p\000e\000l\000i\000n\000e}{section.2.4}% 40
\BOOKMARK [2][-]{subsection.2.4.8}{\376\377\000R\000a\000y\000t\000r\000a\000c\000i\000n\000g}{section.2.4}% 41
\BOOKMARK [2][-]{subsection.2.4.9}{\376\377\000S\000t\000o\000r\000i\000n\000g\000\040\000t\000h\000e\000\040\000m\000o\000d\000e\000l\000\040\000v\000i\000e\000w}{section.2.4}% 42
\BOOKMARK [2][-]{subsection.2.4.10}{\376\377\000G\000r\000a\000p\000h\000i\000c\000s\000\040\000u\000s\000e\000r\000\040\000f\000u\000n\000c\000t\000i\000o\000n\000s\000\040\000v\000i\000a\000\040\000P\000y\000t\000h\000o\000n}{section.2.4}% 43
\BOOKMARK [2][-]{subsection.2.4.11}{\376\377\000C\000o\000l\000o\000r\000,\000\040\000R\000G\000B\000A\000\040\000a\000n\000d\000\040\000a\000l\000p\000h\000a\000-\000t\000r\000a\000n\000s\000p\000a\000r\000e\000n\000c\000y}{section.2.4}% 44
\BOOKMARK [2][-]{subsection.2.4.12}{\376\377\000S\000o\000l\000u\000t\000i\000o\000n\000\040\000v\000i\000e\000w\000e\000r}{section.2.4}% 45
\BOOKMARK [2][-]{subsection.2.4.13}{\376\377\000G\000e\000n\000e\000r\000a\000t\000i\000n\000g\000\040\000a\000n\000i\000m\000a\000t\000i\000o\000n\000s}{section.2.4}% 46
\BOOKMARK [2][-]{subsection.2.4.14}{\376\377\000E\000x\000a\000m\000p\000l\000e\000s\000,\000\040\000t\000e\000s\000t\000\040\000m\000o\000d\000e\000l\000s\000\040\000a\000n\000d\000\040\000t\000e\000s\000t\000\040\000s\000u\000i\000t\000e}{section.2.4}% 47
\BOOKMARK [2][-]{subsection.2.4.15}{\376\377\000R\000e\000m\000o\000v\000i\000n\000g\000\040\000c\000o\000n\000v\000e\000r\000g\000e\000n\000c\000e\000\040\000p\000r\000o\000b\000l\000e\000m\000s\000\040\000a\000n\000d\000\040\000s\000o\000l\000v\000e\000r\000\040\000f\000a\000i\000l\000u\000r\000e\000s}{section.2.4}% 48
\BOOKMARK [2][-]{subsection.2.4.16}{\376\377\000P\000e\000r\000f\000o\000r\000m\000a\000n\000c\000e\000\040\000a\000n\000d\000\040\000w\000a\000y\000s\000\040\000t\000o\000\040\000s\000p\000e\000e\000d\000\040\000u\000p\000\040\000c\000o\000m\000p\000u\000t\000a\000t\000i\000o\000n\000s}{section.2.4}% 49
\BOOKMARK [1][-]{section.2.5}{\376\377\000A\000d\000v\000a\000n\000c\000e\000d\000\040\000t\000o\000p\000i\000c\000s}{chapter.2}% 50
\BOOKMARK [2][-]{subsection.2.5.1}{\376\377\000C\000a\000m\000e\000r\000a\000\040\000f\000o\000l\000l\000o\000w\000i\000n\000g\000\040\000o\000b\000j\000e\000c\000t\000s\000\040\000a\000n\000d\000\040\000i\000n\000t\000e\000r\000a\000c\000t\000i\000n\000g\000\040\000w\000i\000t\000h\000\040\000m\000o\000d\000e\000l\000\040\000v\000i\000e\000w}{section.2.5}% 51
\BOOKMARK [2][-]{subsection.2.5.2}{\376\377\000C\000o\000n\000t\000a\000c\000t\000\040\000p\000r\000o\000b\000l\000e\000m\000s}{section.2.5}% 52
\BOOKMARK [2][-]{subsection.2.5.3}{\376\377\000O\000p\000e\000n\000V\000R}{section.2.5}% 53
\BOOKMARK [2][-]{subsection.2.5.4}{\376\377\000I\000n\000t\000e\000r\000a\000c\000t\000i\000o\000n\000\040\000w\000i\000t\000h\000\040\000J\000u\000l\000i\000a}{section.2.5}% 54
\BOOKMARK [2][-]{subsection.2.5.5}{\376\377\000I\000n\000t\000e\000r\000a\000c\000t\000i\000o\000n\000\040\000w\000i\000t\000h\000\040\000o\000t\000h\000e\000r\000\040\000c\000o\000d\000e\000s}{section.2.5}% 55
\BOOKMARK [2][-]{subsection.2.5.6}{\376\377\000R\000O\000S}{section.2.5}% 56
\BOOKMARK [1][-]{section.2.6}{\376\377\000C\000+\000+\000\040\000C\000o\000d\000e}{chapter.2}% 57
\BOOKMARK [2][-]{subsection.2.6.1}{\376\377\000F\000o\000c\000u\000s\000\040\000o\000f\000\040\000t\000h\000e\000\040\000C\000+\000+\000\040\000c\000o\000d\000e}{section.2.6}% 58
\BOOKMARK [2][-]{subsection.2.6.2}{\376\377\000C\000+\000+\000\040\000C\000o\000d\000e\000\040\000s\000t\000r\000u\000c\000t\000u\000r\000e}{section.2.6}% 59
\BOOKMARK [2][-]{subsection.2.6.3}{\376\377\000C\000+\000+\000\040\000C\000o\000d\000e\000:\000\040\000M\000o\000d\000u\000l\000e\000s}{section.2.6}% 60
\BOOKMARK [2][-]{subsection.2.6.4}{\376\377\000C\000o\000d\000e\000\040\000s\000t\000y\000l\000e\000\040\000a\000n\000d\000\040\000c\000o\000n\000v\000e\000n\000t\000i\000o\000n\000s}{section.2.6}% 61
\BOOKMARK [2][-]{subsection.2.6.5}{\376\377\000N\000o\000t\000a\000t\000i\000o\000n\000\040\000c\000o\000n\000v\000e\000n\000t\000i\000o\000n\000s}{section.2.6}% 62
\BOOKMARK [2][-]{subsection.2.6.6}{\376\377\000N\000o\000-\000a\000b\000b\000r\000e\000v\000i\000a\000t\000i\000o\000n\000s\000-\000r\000u\000l\000e}{section.2.6}% 63
\BOOKMARK [2][-]{subsection.2.6.7}{\376\377\000I\000m\000p\000l\000e\000m\000e\000n\000t\000a\000t\000i\000o\000n\000\040\000o\000f\000\040\000n\000e\000w\000\040\000c\000o\000m\000p\000u\000t\000a\000t\000i\000o\000n\000a\000l\000\040\000i\000t\000e\000m\000s\000\040\000i\000n\000\040\000C\000+\000+}{section.2.6}% 64
\BOOKMARK [0][-]{chapter.3}{\376\377\000T\000u\000t\000o\000r\000i\000a\000l}{}% 65
\BOOKMARK [1][-]{section.3.1}{\376\377\000M\000a\000s\000s\000-\000S\000p\000r\000i\000n\000g\000-\000D\000a\000m\000p\000e\000r\000\040\000t\000u\000t\000o\000r\000i\000a\000l}{chapter.3}% 66
\BOOKMARK [1][-]{section.3.2}{\376\377\000R\000i\000g\000i\000d\000\040\000b\000o\000d\000y\000\040\000a\000n\000d\000\040\000j\000o\000i\000n\000t\000s\000\040\000t\000u\000t\000o\000r\000i\000a\000l}{chapter.3}% 67
\BOOKMARK [1][-]{section.3.3}{\376\377\000F\000l\000e\000x\000i\000b\000l\000e\000\040\000b\000e\000a\000m\000s\000\040\000t\000u\000t\000o\000r\000i\000a\000l}{chapter.3}% 68
\BOOKMARK [1][-]{section.3.4}{\376\377\000S\000y\000m\000b\000o\000l\000i\000c\000\040\000u\000s\000e\000r\000\040\000f\000u\000n\000c\000t\000i\000o\000n\000\040\000t\000u\000t\000o\000r\000i\000a\000l}{chapter.3}% 69
\BOOKMARK [1][-]{section.3.5}{\376\377\000F\000l\000e\000x\000i\000b\000l\000e\000\040\000b\000o\000d\000y\000\040\040\023\000\040\000F\000F\000R\000F\000\040\000t\000u\000t\000o\000r\000i\000a\000l}{chapter.3}% 70
\BOOKMARK [0][-]{chapter.4}{\376\377\000N\000o\000t\000a\000t\000i\000o\000n}{}% 71
\BOOKMARK [1][-]{subsection.4.0.1}{\376\377\000C\000o\000m\000m\000o\000n\000\040\000t\000y\000p\000e\000s}{chapter.4}% 72
\BOOKMARK [2][-]{subsection.4.0.2}{\376\377\000S\000t\000a\000t\000e\000s\000\040\000a\000n\000d\000\040\000c\000o\000o\000r\000d\000i\000n\000a\000t\000e\000\040\000a\000t\000t\000r\000i\000b\000u\000t\000e\000s}{subsection.4.0.1}% 73
\BOOKMARK [2][-]{subsection.4.0.3}{\376\377\000S\000y\000m\000b\000o\000l\000s\000\040\000i\000n\000\040\000i\000t\000e\000m\000\040\000e\000q\000u\000a\000t\000i\000o\000n\000s}{subsection.4.0.1}% 74
\BOOKMARK [1][-]{section.4.1}{\376\377\000L\000H\000S\040\023\000R\000H\000S\000\040\000n\000a\000m\000i\000n\000g\000\040\000c\000o\000n\000v\000e\000n\000t\000i\000o\000n\000s\000\040\000i\000n\000\040\000E\000X\000U\000D\000Y\000N}{chapter.4}% 75
\BOOKMARK [1][-]{section.4.2}{\376\377\000S\000y\000s\000t\000e\000m\000\040\000a\000s\000s\000e\000m\000b\000l\000y}{chapter.4}% 76
\BOOKMARK [1][-]{section.4.3}{\376\377\000N\000o\000m\000e\000n\000c\000l\000a\000t\000u\000r\000e\000\040\000f\000o\000r\000\040\000s\000y\000s\000t\000e\000m\000\040\000e\000q\000u\000a\000t\000i\000o\000n\000s\000\040\000o\000f\000\040\000m\000o\000t\000i\000o\000n\000\040\000a\000n\000d\000\040\000s\000o\000l\000v\000e\000r\000s}{chapter.4}% 77
\BOOKMARK [0][-]{chapter.5}{\376\377\000T\000h\000e\000o\000r\000y\000\040\000a\000n\000d\000\040\000f\000o\000r\000m\000u\000l\000a\000t\000i\000o\000n\000s}{}% 78
\BOOKMARK [1][-]{section.5.1}{\376\377\000I\000n\000t\000r\000o\000d\000u\000c\000t\000i\000o\000n\000\040\000t\000o\000\040\000m\000u\000l\000t\000i\000b\000o\000d\000y\000\040\000s\000y\000s\000t\000e\000m\000s}{chapter.5}% 79
\BOOKMARK [2][-]{subsection.5.1.1}{\376\377\000H\000i\000s\000t\000o\000r\000i\000c\000a\000l\000\040\000d\000e\000v\000e\000l\000o\000p\000m\000e\000n\000t}{section.5.1}% 80
\BOOKMARK [2][-]{subsection.5.1.2}{\376\377\000S\000i\000m\000u\000l\000a\000t\000i\000o\000n\000\040\000t\000o\000o\000l\000s\000\040\000i\000n\000\040\000c\000o\000m\000p\000u\000t\000a\000t\000i\000o\000n\000a\000l\000\040\000e\000n\000g\000i\000n\000e\000e\000r\000i\000n\000g}{section.5.1}% 81
\BOOKMARK [2][-]{subsection.5.1.3}{\376\377\000C\000o\000m\000p\000o\000n\000e\000n\000t\000s\000\040\000o\000f\000\040\000a\000\040\000m\000u\000l\000t\000i\000b\000o\000d\000y\000\040\000s\000y\000s\000t\000e\000m}{section.5.1}% 82
\BOOKMARK [2][-]{subsection.5.1.4}{\376\377\000K\000i\000n\000e\000m\000a\000t\000i\000c\000s\000\040\000b\000a\000s\000i\000c\000s}{section.5.1}% 83
\BOOKMARK [2][-]{subsection.5.1.5}{\376\377\000E\000u\000l\000e\000r\000'\000s\000\040\000a\000n\000d\000\040\000C\000h\000a\000s\000l\000e\000s\000'\000s\000\040\000T\000h\000e\000o\000r\000e\000m\000s}{section.5.1}% 84
\BOOKMARK [2][-]{subsection.5.1.6}{\376\377\000D\000e\000g\000r\000e\000e\000\040\000o\000f\000\040\000f\000r\000e\000e\000d\000o\000m\000\040\040\023\000\040\000D\000O\000F}{section.5.1}% 85
\BOOKMARK [2][-]{subsection.5.1.7}{\376\377\000N\000o\000n\000-\000h\000o\000l\000o\000n\000o\000m\000i\000c\000\040\000c\000o\000n\000s\000t\000r\000a\000i\000n\000t\000s}{section.5.1}% 86
\BOOKMARK [2][-]{subsection.5.1.8}{\376\377\000D\000e\000p\000e\000n\000d\000e\000n\000t\000\040\000a\000n\000d\000\040\000i\000n\000d\000e\000p\000e\000n\000d\000e\000n\000t\000\040\000c\000o\000o\000r\000d\000i\000n\000a\000t\000e\000s}{section.5.1}% 87
\BOOKMARK [2][-]{subsection.5.1.9}{\376\377\000C\000h\000e\000b\000y\000c\000h\000e\000v\000-\000G\000r\000\374\000b\000l\000e\000r\000-\000K\000u\000t\000z\000b\000a\000c\000h\000\040\000c\000r\000i\000t\000e\000r\000i\000o\000n}{section.5.1}% 88
\BOOKMARK [2][-]{subsection.5.1.10}{\376\377\000G\000e\000n\000e\000r\000a\000l\000i\000z\000e\000d\000\040\000c\000o\000o\000r\000d\000i\000n\000a\000t\000e\000s}{section.5.1}% 89
\BOOKMARK [2][-]{subsection.5.1.11}{\376\377\000R\000e\000f\000e\000r\000e\000n\000c\000e\000\040\000a\000n\000d\000\040\000c\000u\000r\000r\000e\000n\000t\000\040\000c\000o\000o\000r\000d\000i\000n\000a\000t\000e\000s}{section.5.1}% 90
\BOOKMARK [1][-]{section.5.2}{\376\377\000D\000y\000n\000a\000m\000i\000c\000s\000:\000\040\000M\000e\000c\000h\000a\000n\000i\000c\000a\000l\000\040\000p\000r\000i\000n\000c\000i\000p\000l\000e\000s}{chapter.5}% 91
\BOOKMARK [2][-]{subsection.5.2.1}{\376\377\000N\000e\000w\000t\000o\000n\000'\000s\000\040\000b\000a\000s\000i\000c\000\040\000p\000r\000i\000n\000c\000i\000p\000l\000e\000s}{section.5.2}% 92
\BOOKMARK [2][-]{subsection.5.2.2}{\376\377\000T\000h\000e\000\040\000L\000a\000g\000r\000a\000n\000g\000e\000-\000d\000'\000A\000l\000e\000m\000b\000e\000r\000t\000\040\000p\000r\000i\000n\000c\000i\000p\000l\000e}{section.5.2}% 93
\BOOKMARK [2][-]{subsection.5.2.3}{\376\377\000G\000e\000n\000e\000r\000a\000l\000i\000z\000e\000d\000\040\000P\000r\000i\000n\000c\000i\000p\000l\000e\000\040\000o\000f\000\040\000V\000i\000r\000t\000u\000a\000l\000\040\000W\000o\000r\000k}{section.5.2}% 94
\BOOKMARK [2][-]{subsection.5.2.4}{\376\377\000V\000i\000r\000t\000u\000a\000l\000\040\000d\000i\000s\000p\000l\000a\000c\000e\000m\000e\000n\000t\000s}{section.5.2}% 95
\BOOKMARK [2][-]{subsection.5.2.5}{\376\377\000G\000e\000n\000e\000r\000a\000l\000i\000z\000e\000d\000\040\000F\000o\000r\000c\000e\000s}{section.5.2}% 96
\BOOKMARK [2][-]{subsection.5.2.6}{\376\377\000L\000a\000g\000r\000a\000n\000g\000e\000'\000s\000\040\000E\000q\000u\000a\000t\000i\000o\000n\000s\000\040\000o\000f\000\040\000M\000o\000t\000i\000o\000n}{section.5.2}% 97
\BOOKMARK [2][-]{subsection.5.2.7}{\376\377\000M\000u\000l\000t\000i\000b\000o\000d\000y\000\040\000f\000o\000r\000m\000u\000l\000a\000t\000i\000o\000n\000s\000:\000\040\000r\000e\000d\000u\000n\000d\000a\000n\000t\000\040\000a\000n\000d\000\040\000m\000i\000n\000i\000m\000a\000l\000\040\000c\000o\000o\000r\000d\000i\000n\000a\000t\000e\000s}{section.5.2}% 98
\BOOKMARK [1][-]{section.5.3}{\376\377\000F\000r\000a\000m\000e\000s\000,\000\040\000r\000o\000t\000a\000t\000i\000o\000n\000s\000\040\000a\000n\000d\000\040\000c\000o\000o\000r\000d\000i\000n\000a\000t\000e\000\040\000s\000y\000s\000t\000e\000m\000s}{chapter.5}% 99
\BOOKMARK [2][-]{subsection.5.3.1}{\376\377\000R\000e\000f\000e\000r\000e\000n\000c\000e\000\040\000p\000o\000i\000n\000t\000s\000\040\000a\000n\000d\000\040\000r\000e\000f\000e\000r\000e\000n\000c\000e\000\040\000f\000r\000a\000m\000e\000s}{section.5.3}% 100
\BOOKMARK [2][-]{subsection.5.3.2}{\376\377\000C\000o\000o\000r\000d\000i\000n\000a\000t\000e\000\040\000s\000y\000s\000t\000e\000m\000s\000\040\000o\000f\000\040\000f\000r\000a\000m\000e\000s}{section.5.3}% 101
\BOOKMARK [2][-]{subsection.5.3.3}{\376\377\000H\000o\000m\000o\000g\000e\000n\000e\000o\000u\000s\000\040\000t\000r\000a\000n\000s\000f\000o\000r\000m\000a\000t\000i\000o\000n\000s}{section.5.3}% 102
\BOOKMARK [2][-]{subsection.5.3.4}{\376\377\000R\000o\000t\000a\000t\000i\000o\000n\000s}{section.5.3}% 103
\BOOKMARK [2][-]{subsection.5.3.5}{\376\377\000R\000o\000t\000a\000t\000i\000o\000n\000\040\000t\000e\000n\000s\000o\000r\000:\000\040\000a\000x\000i\000s\000-\000a\000n\000g\000l\000e\000\040\000r\000e\000p\000r\000e\000s\000e\000n\000t\000a\000t\000i\000o\000n}{section.5.3}% 104
\BOOKMARK [2][-]{subsection.5.3.6}{\376\377\000E\000u\000l\000e\000r\000\040\000a\000n\000g\000l\000e\000s\000:\000\040\000T\000a\000i\000t\000-\000B\000r\000y\000a\000n\000\040\000a\000n\000g\000l\000e\000s}{section.5.3}% 105
\BOOKMARK [2][-]{subsection.5.3.7}{\376\377\000E\000u\000l\000e\000r\000\040\000p\000a\000r\000a\000m\000e\000t\000e\000r\000s\000\040\000a\000n\000d\000\040\000u\000n\000i\000t\000\040\000q\000u\000a\000t\000e\000r\000n\000i\000o\000n\000s}{section.5.3}% 106
\BOOKMARK [1][-]{section.5.4}{\376\377\000I\000n\000t\000e\000g\000r\000a\000t\000i\000o\000n\000\040\000P\000o\000i\000n\000t\000s}{chapter.5}% 107
\BOOKMARK [1][-]{section.5.5}{\376\377\000M\000o\000d\000e\000l\000\040\000o\000r\000d\000e\000r\000\040\000r\000e\000d\000u\000c\000t\000i\000o\000n\000\040\000a\000n\000d\000\040\000c\000o\000m\000p\000o\000n\000e\000n\000t\000\040\000m\000o\000d\000e\000\040\000s\000y\000n\000t\000h\000e\000s\000i\000s}{chapter.5}% 108
\BOOKMARK [2][-]{subsection.5.5.1}{\376\377\000I\000m\000p\000o\000r\000t\000\040\000o\000f\000\040\000f\000l\000e\000x\000i\000b\000l\000e\000\040\000b\000o\000d\000i\000e\000s}{section.5.5}% 109
\BOOKMARK [2][-]{subsection.5.5.2}{\376\377\000E\000i\000g\000e\000n\000m\000o\000d\000e\000s}{section.5.5}% 110
\BOOKMARK [2][-]{subsection.5.5.3}{\376\377\000H\000u\000r\000t\000y\000-\000C\000r\000a\000i\000g\000-\000B\000a\000m\000p\000t\000o\000n\000\040\000m\000o\000d\000e\000s}{section.5.5}% 111
\BOOKMARK [2][-]{subsection.5.5.4}{\376\377\000C\000o\000m\000p\000u\000t\000a\000t\000i\000o\000n\000\040\000o\000f\000\040\000s\000t\000r\000e\000s\000s\000e\000s\000\040\000a\000n\000d\000\040\000s\000t\000r\000a\000i\000n\000s\000\040\000f\000o\000r\000\040\000C\000M\000S\000\040\000m\000o\000d\000e\000s}{section.5.5}% 112
\BOOKMARK [2][-]{subsection.5.5.5}{\376\377\000I\000n\000t\000e\000r\000f\000a\000c\000e\000s\000\040\000a\000n\000d\000\040\000b\000o\000u\000n\000d\000a\000r\000i\000e\000s}{section.5.5}% 113
\BOOKMARK [2][-]{subsection.5.5.6}{\376\377\000N\000o\000d\000e\000\040\000w\000e\000i\000g\000h\000t\000i\000n\000g}{section.5.5}% 114
\BOOKMARK [2][-]{subsection.5.5.7}{\376\377\000R\000e\000f\000e\000r\000e\000n\000c\000e\000\040\000c\000o\000n\000d\000i\000t\000i\000o\000n\000s}{section.5.5}% 115
\BOOKMARK [1][-]{section.5.6}{\376\377\000M\000o\000d\000e\000l\000i\000n\000g\000\040\000o\000f\000\040\000C\000o\000n\000t\000a\000c\000t\000\040\000i\000n\000\040\000E\000x\000u\000d\000y\000n}{chapter.5}% 116
\BOOKMARK [2][-]{subsection.5.6.1}{\376\377\000C\000o\000n\000t\000a\000c\000t\000\040\000o\000f\000\040\000m\000e\000s\000h\000e\000d\000\040\000r\000i\000g\000i\000d\000\040\000b\000o\000d\000i\000e\000s}{section.5.6}% 117
\BOOKMARK [2][-]{subsection.5.6.2}{\376\377\000R\000e\000g\000u\000l\000a\000r\000i\000z\000e\000d\000\040\000f\000r\000i\000c\000t\000i\000o\000n}{section.5.6}% 118
\BOOKMARK [2][-]{subsection.5.6.3}{\376\377\000S\000p\000h\000e\000r\000e\000-\000s\000p\000h\000e\000r\000e\000\040\000c\000o\000n\000t\000a\000c\000t\000:\000\040\000E\000q\000u\000a\000t\000i\000o\000n\000s}{section.5.6}% 119
\BOOKMARK [2][-]{subsection.5.6.4}{\376\377\000S\000p\000h\000e\000r\000e\000-\000t\000r\000i\000a\000n\000g\000l\000e\000\040\000c\000o\000n\000t\000a\000c\000t\000:\000\040\000E\000q\000u\000a\000t\000i\000o\000n\000s}{section.5.6}% 120
\BOOKMARK [2][-]{subsection.5.6.5}{\376\377\000C\000o\000n\000t\000a\000c\000t\000\040\000r\000e\000l\000a\000t\000i\000o\000n\000s\000\040\000f\000o\000r\000\040\000A\000N\000C\000F\000\040\000c\000a\000b\000l\000e\000\040\000g\000i\000\040\000\050\000m\000a\000r\000k\000e\000r\000\040\000m\0000\000\051\000\040\000a\000n\000d\000\040\000s\000p\000h\000e\000r\000e\000\040\000g\000j\000\040\000\050\000m\000a\000r\000k\000e\000r\000\040\000m\0001\000\051}{section.5.6}% 121
\BOOKMARK [0][-]{chapter.6}{\376\377\000P\000y\000t\000h\000o\000n\000-\000C\000+\000+\000\040\000c\000o\000m\000m\000a\000n\000d\000\040\000i\000n\000t\000e\000r\000f\000a\000c\000e}{}% 122
\BOOKMARK [1][-]{section.6.1}{\376\377\000G\000e\000n\000e\000r\000a\000l\000\040\000i\000n\000f\000o\000r\000m\000a\000t\000i\000o\000n\000\040\000o\000n\000\040\000P\000y\000t\000h\000o\000n\000-\000C\000+\000+\000\040\000i\000n\000t\000e\000r\000f\000a\000c\000e}{chapter.6}% 123
\BOOKMARK [2][-]{subsection.6.1.1}{\376\377\000I\000t\000e\000m\000\040\000i\000n\000d\000e\000x}{section.6.1}% 124
\BOOKMARK [2][-]{subsection.6.1.2}{\376\377\000C\000o\000p\000y\000i\000n\000g\000\040\000a\000n\000d\000\040\000r\000e\000f\000e\000r\000e\000n\000c\000i\000n\000g\000\040\000C\000+\000+\000\040\000o\000b\000j\000e\000c\000t\000s}{section.6.1}% 125
\BOOKMARK [2][-]{subsection.6.1.3}{\376\377\000E\000x\000c\000e\000p\000t\000i\000o\000n\000s\000\040\000a\000n\000d\000\040\000E\000r\000r\000o\000r\000\040\000M\000e\000s\000s\000a\000g\000e\000s}{section.6.1}% 126
\BOOKMARK [1][-]{section.6.2}{\376\377\000E\000x\000u\000d\000y\000n}{chapter.6}% 127
\BOOKMARK [1][-]{section.6.3}{\376\377\000S\000y\000s\000t\000e\000m\000C\000o\000n\000t\000a\000i\000n\000e\000r}{chapter.6}% 128
\BOOKMARK [1][-]{section.6.4}{\376\377\000R\000e\000n\000d\000e\000r\000e\000r}{chapter.6}% 129
\BOOKMARK [1][-]{section.6.5}{\376\377\000M\000a\000i\000n\000S\000y\000s\000t\000e\000m}{chapter.6}% 130
\BOOKMARK [2][-]{subsection.6.5.1}{\376\377\000M\000a\000i\000n\000S\000y\000s\000t\000e\000m\000\040\000e\000x\000t\000e\000n\000s\000i\000o\000n\000s\000\040\000\050\000c\000r\000e\000a\000t\000e\000\051}{section.6.5}% 131
\BOOKMARK [2][-]{subsection.6.5.2}{\376\377\000M\000a\000i\000n\000S\000y\000s\000t\000e\000m\000\040\000e\000x\000t\000e\000n\000s\000i\000o\000n\000s\000\040\000\050\000g\000e\000n\000e\000r\000a\000l\000\051}{section.6.5}% 132
\BOOKMARK [2][-]{subsection.6.5.3}{\376\377\000M\000a\000i\000n\000S\000y\000s\000t\000e\000m\000:\000\040\000N\000o\000d\000e}{section.6.5}% 133
\BOOKMARK [2][-]{subsection.6.5.4}{\376\377\000M\000a\000i\000n\000S\000y\000s\000t\000e\000m\000:\000\040\000O\000b\000j\000e\000c\000t}{section.6.5}% 134
\BOOKMARK [2][-]{subsection.6.5.5}{\376\377\000M\000a\000i\000n\000S\000y\000s\000t\000e\000m\000:\000\040\000M\000a\000r\000k\000e\000r}{section.6.5}% 135
\BOOKMARK [2][-]{subsection.6.5.6}{\376\377\000M\000a\000i\000n\000S\000y\000s\000t\000e\000m\000:\000\040\000L\000o\000a\000d}{section.6.5}% 136
\BOOKMARK [2][-]{subsection.6.5.7}{\376\377\000M\000a\000i\000n\000S\000y\000s\000t\000e\000m\000:\000\040\000S\000e\000n\000s\000o\000r}{section.6.5}% 137
\BOOKMARK [1][-]{section.6.6}{\376\377\000S\000y\000s\000t\000e\000m\000D\000a\000t\000a}{chapter.6}% 138
\BOOKMARK [2][-]{subsection.6.6.1}{\376\377\000S\000y\000s\000t\000e\000m\000D\000a\000t\000a\000:\000\040\000A\000c\000c\000e\000s\000s\000\040\000c\000o\000o\000r\000d\000i\000n\000a\000t\000e\000s}{section.6.6}% 139
\BOOKMARK [2][-]{subsection.6.6.2}{\376\377\000S\000y\000s\000t\000e\000m\000D\000a\000t\000a\000:\000\040\000G\000e\000t\000\040\000o\000b\000j\000e\000c\000t\000\040\000L\000T\000G\000\040\000c\000o\000o\000r\000d\000i\000n\000a\000t\000e\000\040\000m\000a\000p\000p\000i\000n\000g\000s}{section.6.6}% 140
\BOOKMARK [1][-]{section.6.7}{\376\377\000S\000y\000m\000b\000o\000l\000i\000c}{chapter.6}% 141
\BOOKMARK [2][-]{subsection.6.7.1}{\376\377\000s\000y\000m\000b\000o\000l\000i\000c\000.\000R\000e\000a\000l}{section.6.7}% 142
\BOOKMARK [2][-]{subsection.6.7.2}{\376\377\000s\000y\000m\000b\000o\000l\000i\000c\000.\000V\000e\000c\000t\000o\000r}{section.6.7}% 143
\BOOKMARK [2][-]{subsection.6.7.3}{\376\377\000s\000y\000m\000b\000o\000l\000i\000c\000.\000M\000a\000t\000r\000i\000x}{section.6.7}% 144
\BOOKMARK [2][-]{subsection.6.7.4}{\376\377\000s\000y\000m\000b\000o\000l\000i\000c\000.\000V\000a\000r\000i\000a\000b\000l\000e\000S\000e\000t}{section.6.7}% 145
\BOOKMARK [2][-]{subsection.6.7.5}{\376\377\000s\000y\000m\000b\000o\000l\000i\000c\000.\000U\000s\000e\000r\000F\000u\000n\000c\000t\000i\000o\000n}{section.6.7}% 146
\BOOKMARK [1][-]{section.6.8}{\376\377\000G\000e\000n\000e\000r\000a\000l\000C\000o\000n\000t\000a\000c\000t}{chapter.6}% 147
\BOOKMARK [2][-]{subsection.6.8.1}{\376\377\000V\000i\000s\000u\000G\000e\000n\000e\000r\000a\000l\000C\000o\000n\000t\000a\000c\000t}{section.6.8}% 148
\BOOKMARK [1][-]{section.6.9}{\376\377\000D\000a\000t\000a\000\040\000s\000t\000r\000u\000c\000t\000u\000r\000e\000s}{chapter.6}% 149
\BOOKMARK [2][-]{subsection.6.9.1}{\376\377\000M\000a\000t\000r\000i\000x\000C\000o\000n\000t\000a\000i\000n\000e\000r}{section.6.9}% 150
\BOOKMARK [2][-]{subsection.6.9.2}{\376\377\000G\000r\000a\000p\000h\000i\000c\000s\000M\000a\000t\000e\000r\000i\000a\000l\000L\000i\000s\000t}{section.6.9}% 151
\BOOKMARK [2][-]{subsection.6.9.3}{\376\377\000V\000e\000c\000t\000o\000r\0003\000D\000L\000i\000s\000t}{section.6.9}% 152
\BOOKMARK [2][-]{subsection.6.9.4}{\376\377\000V\000e\000c\000t\000o\000r\0002\000D\000L\000i\000s\000t}{section.6.9}% 153
\BOOKMARK [2][-]{subsection.6.9.5}{\376\377\000V\000e\000c\000t\000o\000r\0006\000D\000L\000i\000s\000t}{section.6.9}% 154
\BOOKMARK [2][-]{subsection.6.9.6}{\376\377\000M\000a\000t\000r\000i\000x\0003\000D\000L\000i\000s\000t}{section.6.9}% 155
\BOOKMARK [2][-]{subsection.6.9.7}{\376\377\000M\000a\000t\000r\000i\000x\0006\000D\000L\000i\000s\000t}{section.6.9}% 156
\BOOKMARK [1][-]{section.6.10}{\376\377\000T\000y\000p\000e\000\040\000d\000e\000f\000i\000n\000i\000t\000i\000o\000n\000s}{chapter.6}% 157
\BOOKMARK [2][-]{subsection.6.10.1}{\376\377\000O\000u\000t\000p\000u\000t\000V\000a\000r\000i\000a\000b\000l\000e\000T\000y\000p\000e}{section.6.10}% 158
\BOOKMARK [2][-]{subsection.6.10.2}{\376\377\000C\000o\000n\000f\000i\000g\000u\000r\000a\000t\000i\000o\000n\000T\000y\000p\000e}{section.6.10}% 159
\BOOKMARK [2][-]{subsection.6.10.3}{\376\377\000I\000t\000e\000m\000T\000y\000p\000e}{section.6.10}% 160
\BOOKMARK [2][-]{subsection.6.10.4}{\376\377\000N\000o\000d\000e\000T\000y\000p\000e}{section.6.10}% 161
\BOOKMARK [2][-]{subsection.6.10.5}{\376\377\000J\000o\000i\000n\000t\000T\000y\000p\000e}{section.6.10}% 162
\BOOKMARK [2][-]{subsection.6.10.6}{\376\377\000D\000y\000n\000a\000m\000i\000c\000S\000o\000l\000v\000e\000r\000T\000y\000p\000e}{section.6.10}% 163
\BOOKMARK [2][-]{subsection.6.10.7}{\376\377\000C\000r\000o\000s\000s\000S\000e\000c\000t\000i\000o\000n\000T\000y\000p\000e}{section.6.10}% 164
\BOOKMARK [2][-]{subsection.6.10.8}{\376\377\000K\000e\000y\000C\000o\000d\000e}{section.6.10}% 165
\BOOKMARK [2][-]{subsection.6.10.9}{\376\377\000L\000i\000n\000e\000a\000r\000S\000o\000l\000v\000e\000r\000T\000y\000p\000e}{section.6.10}% 166
\BOOKMARK [2][-]{subsection.6.10.10}{\376\377\000C\000o\000n\000t\000a\000c\000t\000T\000y\000p\000e\000I\000n\000d\000e\000x}{section.6.10}% 167
\BOOKMARK [0][-]{chapter.7}{\376\377\000P\000y\000t\000h\000o\000n\000\040\000u\000t\000i\000l\000i\000t\000y\000\040\000f\000u\000n\000c\000t\000i\000o\000n\000s}{}% 168
\BOOKMARK [1][-]{section.7.1}{\376\377\000U\000t\000i\000l\000i\000t\000y\000:\000\040\000R\000e\000s\000u\000l\000t\000s\000M\000o\000n\000i\000t\000o\000r}{chapter.7}% 169
\BOOKMARK [1][-]{section.7.2}{\376\377\000M\000o\000d\000u\000l\000e\000:\000\040\000a\000d\000v\000a\000n\000c\000e\000d\000U\000t\000i\000l\000i\000t\000i\000e\000s}{chapter.7}% 170
\BOOKMARK [2][-]{subsection.7.2.1}{\376\377\000C\000L\000A\000S\000S\000\040\000E\000x\000p\000e\000c\000t\000e\000d\000T\000y\000p\000e\000\050\000E\000n\000u\000m\000\051\000\040\000\050\000i\000n\000\040\000m\000o\000d\000u\000l\000e\000\040\000a\000d\000v\000a\000n\000c\000e\000d\000U\000t\000i\000l\000i\000t\000i\000e\000s\000\051}{section.7.2}% 171
\BOOKMARK [1][-]{section.7.3}{\376\377\000M\000o\000d\000u\000l\000e\000:\000\040\000a\000r\000t\000i\000f\000i\000c\000i\000a\000l\000I\000n\000t\000e\000l\000l\000i\000g\000e\000n\000c\000e}{chapter.7}% 172
\BOOKMARK [2][-]{subsection.7.3.1}{\376\377\000C\000L\000A\000S\000S\000\040\000O\000p\000e\000n\000A\000I\000G\000y\000m\000I\000n\000t\000e\000r\000f\000a\000c\000e\000E\000n\000v\000\050\000E\000n\000v\000\051\000\040\000\050\000i\000n\000\040\000m\000o\000d\000u\000l\000e\000\040\000a\000r\000t\000i\000f\000i\000c\000i\000a\000l\000I\000n\000t\000e\000l\000l\000i\000g\000e\000n\000c\000e\000\051}{section.7.3}% 173
\BOOKMARK [1][-]{section.7.4}{\376\377\000M\000o\000d\000u\000l\000e\000:\000\040\000b\000a\000s\000i\000c\000U\000t\000i\000l\000i\000t\000i\000e\000s}{chapter.7}% 174
\BOOKMARK [1][-]{section.7.5}{\376\377\000M\000o\000d\000u\000l\000e\000:\000\040\000b\000e\000a\000m\000s}{chapter.7}% 175
\BOOKMARK [1][-]{section.7.6}{\376\377\000M\000o\000d\000u\000l\000e\000:\000\040\000d\000e\000m\000o\000s}{chapter.7}% 176
\BOOKMARK [1][-]{section.7.7}{\376\377\000M\000o\000d\000u\000l\000e\000:\000\040\000F\000E\000M}{chapter.7}% 177
\BOOKMARK [2][-]{subsection.7.7.1}{\376\377\000C\000L\000A\000S\000S\000\040\000M\000a\000t\000e\000r\000i\000a\000l\000B\000a\000s\000e\000C\000l\000a\000s\000s\000\040\000\050\000i\000n\000\040\000m\000o\000d\000u\000l\000e\000\040\000F\000E\000M\000\051}{section.7.7}% 178
\BOOKMARK [2][-]{subsection.7.7.2}{\376\377\000C\000L\000A\000S\000S\000\040\000K\000i\000r\000c\000h\000h\000o\000f\000f\000M\000a\000t\000e\000r\000i\000a\000l\000\050\000M\000a\000t\000e\000r\000i\000a\000l\000B\000a\000s\000e\000C\000l\000a\000s\000s\000\051\000\040\000\050\000i\000n\000\040\000m\000o\000d\000u\000l\000e\000\040\000F\000E\000M\000\051}{section.7.7}% 179
\BOOKMARK [2][-]{subsection.7.7.3}{\376\377\000C\000L\000A\000S\000S\000\040\000F\000i\000n\000i\000t\000e\000E\000l\000e\000m\000e\000n\000t\000\040\000\050\000i\000n\000\040\000m\000o\000d\000u\000l\000e\000\040\000F\000E\000M\000\051}{section.7.7}% 180
\BOOKMARK [2][-]{subsection.7.7.4}{\376\377\000C\000L\000A\000S\000S\000\040\000T\000e\000t\0004\000\050\000F\000i\000n\000i\000t\000e\000E\000l\000e\000m\000e\000n\000t\000\051\000\040\000\050\000i\000n\000\040\000m\000o\000d\000u\000l\000e\000\040\000F\000E\000M\000\051}{section.7.7}% 181
\BOOKMARK [2][-]{subsection.7.7.5}{\376\377\000C\000L\000A\000S\000S\000\040\000O\000b\000j\000e\000c\000t\000F\000F\000R\000F\000i\000n\000t\000e\000r\000f\000a\000c\000e\000\040\000\050\000i\000n\000\040\000m\000o\000d\000u\000l\000e\000\040\000F\000E\000M\000\051}{section.7.7}% 182
\BOOKMARK [2][-]{subsection.7.7.6}{\376\377\000C\000L\000A\000S\000S\000\040\000O\000b\000j\000e\000c\000t\000F\000F\000R\000F\000r\000e\000d\000u\000c\000e\000d\000O\000r\000d\000e\000r\000I\000n\000t\000e\000r\000f\000a\000c\000e\000\040\000\050\000i\000n\000\040\000m\000o\000d\000u\000l\000e\000\040\000F\000E\000M\000\051}{section.7.7}% 183
\BOOKMARK [2][-]{subsection.7.7.7}{\376\377\000C\000L\000A\000S\000S\000\040\000H\000C\000B\000s\000t\000a\000t\000i\000c\000M\000o\000d\000e\000S\000e\000l\000e\000c\000t\000i\000o\000n\000\050\000E\000n\000u\000m\000\051\000\040\000\050\000i\000n\000\040\000m\000o\000d\000u\000l\000e\000\040\000F\000E\000M\000\051}{section.7.7}% 184
\BOOKMARK [2][-]{subsection.7.7.8}{\376\377\000C\000L\000A\000S\000S\000\040\000F\000E\000M\000i\000n\000t\000e\000r\000f\000a\000c\000e\000\040\000\050\000i\000n\000\040\000m\000o\000d\000u\000l\000e\000\040\000F\000E\000M\000\051}{section.7.7}% 185
\BOOKMARK [1][-]{section.7.8}{\376\377\000M\000o\000d\000u\000l\000e\000:\000\040\000g\000r\000a\000p\000h\000i\000c\000s}{chapter.7}% 186
\BOOKMARK [1][-]{section.7.9}{\376\377\000M\000o\000d\000u\000l\000e\000:\000\040\000g\000r\000a\000p\000h\000i\000c\000s\000D\000a\000t\000a\000U\000t\000i\000l\000i\000t\000i\000e\000s}{chapter.7}% 187
\BOOKMARK [1][-]{section.7.10}{\376\377\000M\000o\000d\000u\000l\000e\000:\000\040\000G\000U\000I}{chapter.7}% 188
\BOOKMARK [1][-]{section.7.11}{\376\377\000M\000o\000d\000u\000l\000e\000:\000\040\000i\000n\000t\000e\000r\000a\000c\000t\000i\000v\000e}{chapter.7}% 189
\BOOKMARK [2][-]{subsection.7.11.1}{\376\377\000C\000L\000A\000S\000S\000\040\000I\000n\000t\000e\000r\000a\000c\000t\000i\000v\000e\000D\000i\000a\000l\000o\000g\000\040\000\050\000i\000n\000\040\000m\000o\000d\000u\000l\000e\000\040\000i\000n\000t\000e\000r\000a\000c\000t\000i\000v\000e\000\051}{section.7.11}% 190
\BOOKMARK [1][-]{section.7.12}{\376\377\000M\000o\000d\000u\000l\000e\000:\000\040\000k\000i\000n\000e\000m\000a\000t\000i\000c\000T\000r\000e\000e}{chapter.7}% 191
\BOOKMARK [2][-]{subsection.7.12.1}{\376\377\000C\000L\000A\000S\000S\000\040\000K\000i\000n\000e\000m\000a\000t\000i\000c\000T\000r\000e\000e\0003\0003\000\040\000\050\000i\000n\000\040\000m\000o\000d\000u\000l\000e\000\040\000k\000i\000n\000e\000m\000a\000t\000i\000c\000T\000r\000e\000e\000\051}{section.7.12}% 192
\BOOKMARK [2][-]{subsection.7.12.2}{\376\377\000C\000L\000A\000S\000S\000\040\000K\000i\000n\000e\000m\000a\000t\000i\000c\000T\000r\000e\000e\0006\0006\000\040\000\050\000i\000n\000\040\000m\000o\000d\000u\000l\000e\000\040\000k\000i\000n\000e\000m\000a\000t\000i\000c\000T\000r\000e\000e\000\051}{section.7.12}% 193
\BOOKMARK [1][-]{section.7.13}{\376\377\000M\000o\000d\000u\000l\000e\000:\000\040\000l\000i\000e\000G\000r\000o\000u\000p\000B\000a\000s\000i\000c\000s}{chapter.7}% 194
\BOOKMARK [1][-]{section.7.14}{\376\377\000M\000o\000d\000u\000l\000e\000:\000\040\000m\000a\000i\000n\000S\000y\000s\000t\000e\000m\000E\000x\000t\000e\000n\000s\000i\000o\000n\000s}{chapter.7}% 195
\BOOKMARK [1][-]{section.7.15}{\376\377\000M\000o\000d\000u\000l\000e\000:\000\040\000p\000a\000r\000t\000i\000c\000l\000e\000s}{chapter.7}% 196
\BOOKMARK [1][-]{section.7.16}{\376\377\000M\000o\000d\000u\000l\000e\000:\000\040\000p\000h\000y\000s\000i\000c\000s}{chapter.7}% 197
\BOOKMARK [1][-]{section.7.17}{\376\377\000M\000o\000d\000u\000l\000e\000:\000\040\000p\000l\000o\000t}{chapter.7}% 198
\BOOKMARK [1][-]{section.7.18}{\376\377\000M\000o\000d\000u\000l\000e\000:\000\040\000p\000r\000o\000c\000e\000s\000s\000i\000n\000g}{chapter.7}% 199
\BOOKMARK [1][-]{section.7.19}{\376\377\000M\000o\000d\000u\000l\000e\000:\000\040\000r\000i\000g\000i\000d\000B\000o\000d\000y\000U\000t\000i\000l\000i\000t\000i\000e\000s}{chapter.7}% 200
\BOOKMARK [2][-]{subsection.7.19.1}{\376\377\000C\000L\000A\000S\000S\000\040\000T\000r\000e\000e\000L\000i\000n\000k\000\040\000\050\000i\000n\000\040\000m\000o\000d\000u\000l\000e\000\040\000r\000i\000g\000i\000d\000B\000o\000d\000y\000U\000t\000i\000l\000i\000t\000i\000e\000s\000\051}{section.7.19}% 201
\BOOKMARK [2][-]{subsection.7.19.2}{\376\377\000C\000L\000A\000S\000S\000\040\000R\000i\000g\000i\000d\000B\000o\000d\000y\000I\000n\000e\000r\000t\000i\000a\000\040\000\050\000i\000n\000\040\000m\000o\000d\000u\000l\000e\000\040\000r\000i\000g\000i\000d\000B\000o\000d\000y\000U\000t\000i\000l\000i\000t\000i\000e\000s\000\051}{section.7.19}% 202
\BOOKMARK [2][-]{subsection.7.19.3}{\376\377\000C\000L\000A\000S\000S\000\040\000I\000n\000e\000r\000t\000i\000a\000C\000u\000b\000o\000i\000d\000\050\000R\000i\000g\000i\000d\000B\000o\000d\000y\000I\000n\000e\000r\000t\000i\000a\000\051\000\040\000\050\000i\000n\000\040\000m\000o\000d\000u\000l\000e\000\040\000r\000i\000g\000i\000d\000B\000o\000d\000y\000U\000t\000i\000l\000i\000t\000i\000e\000s\000\051}{section.7.19}% 203
\BOOKMARK [2][-]{subsection.7.19.4}{\376\377\000C\000L\000A\000S\000S\000\040\000I\000n\000e\000r\000t\000i\000a\000R\000o\000d\000X\000\050\000R\000i\000g\000i\000d\000B\000o\000d\000y\000I\000n\000e\000r\000t\000i\000a\000\051\000\040\000\050\000i\000n\000\040\000m\000o\000d\000u\000l\000e\000\040\000r\000i\000g\000i\000d\000B\000o\000d\000y\000U\000t\000i\000l\000i\000t\000i\000e\000s\000\051}{section.7.19}% 204
\BOOKMARK [2][-]{subsection.7.19.5}{\376\377\000C\000L\000A\000S\000S\000\040\000I\000n\000e\000r\000t\000i\000a\000M\000a\000s\000s\000P\000o\000i\000n\000t\000\050\000R\000i\000g\000i\000d\000B\000o\000d\000y\000I\000n\000e\000r\000t\000i\000a\000\051\000\040\000\050\000i\000n\000\040\000m\000o\000d\000u\000l\000e\000\040\000r\000i\000g\000i\000d\000B\000o\000d\000y\000U\000t\000i\000l\000i\000t\000i\000e\000s\000\051}{section.7.19}% 205
\BOOKMARK [2][-]{subsection.7.19.6}{\376\377\000C\000L\000A\000S\000S\000\040\000I\000n\000e\000r\000t\000i\000a\000S\000p\000h\000e\000r\000e\000\050\000R\000i\000g\000i\000d\000B\000o\000d\000y\000I\000n\000e\000r\000t\000i\000a\000\051\000\040\000\050\000i\000n\000\040\000m\000o\000d\000u\000l\000e\000\040\000r\000i\000g\000i\000d\000B\000o\000d\000y\000U\000t\000i\000l\000i\000t\000i\000e\000s\000\051}{section.7.19}% 206
\BOOKMARK [2][-]{subsection.7.19.7}{\376\377\000C\000L\000A\000S\000S\000\040\000I\000n\000e\000r\000t\000i\000a\000H\000o\000l\000l\000o\000w\000S\000p\000h\000e\000r\000e\000\050\000R\000i\000g\000i\000d\000B\000o\000d\000y\000I\000n\000e\000r\000t\000i\000a\000\051\000\040\000\050\000i\000n\000\040\000m\000o\000d\000u\000l\000e\000\040\000r\000i\000g\000i\000d\000B\000o\000d\000y\000U\000t\000i\000l\000i\000t\000i\000e\000s\000\051}{section.7.19}% 207
\BOOKMARK [2][-]{subsection.7.19.8}{\376\377\000C\000L\000A\000S\000S\000\040\000I\000n\000e\000r\000t\000i\000a\000C\000y\000l\000i\000n\000d\000e\000r\000\050\000R\000i\000g\000i\000d\000B\000o\000d\000y\000I\000n\000e\000r\000t\000i\000a\000\051\000\040\000\050\000i\000n\000\040\000m\000o\000d\000u\000l\000e\000\040\000r\000i\000g\000i\000d\000B\000o\000d\000y\000U\000t\000i\000l\000i\000t\000i\000e\000s\000\051}{section.7.19}% 208
\BOOKMARK [1][-]{section.7.20}{\376\377\000M\000o\000d\000u\000l\000e\000:\000\040\000r\000o\000b\000o\000t\000i\000c\000s}{chapter.7}% 209
\BOOKMARK [2][-]{subsection.7.20.1}{\376\377\000C\000L\000A\000S\000S\000\040\000V\000R\000o\000b\000o\000t\000L\000i\000n\000k\000\040\000\050\000i\000n\000\040\000m\000o\000d\000u\000l\000e\000\040\000r\000o\000b\000o\000t\000i\000c\000s\000\051}{section.7.20}% 210
\BOOKMARK [2][-]{subsection.7.20.2}{\376\377\000C\000L\000A\000S\000S\000\040\000R\000o\000b\000o\000t\000L\000i\000n\000k\000\040\000\050\000i\000n\000\040\000m\000o\000d\000u\000l\000e\000\040\000r\000o\000b\000o\000t\000i\000c\000s\000\051}{section.7.20}% 211
\BOOKMARK [2][-]{subsection.7.20.3}{\376\377\000C\000L\000A\000S\000S\000\040\000V\000R\000o\000b\000o\000t\000T\000o\000o\000l\000\040\000\050\000i\000n\000\040\000m\000o\000d\000u\000l\000e\000\040\000r\000o\000b\000o\000t\000i\000c\000s\000\051}{section.7.20}% 212
\BOOKMARK [2][-]{subsection.7.20.4}{\376\377\000C\000L\000A\000S\000S\000\040\000R\000o\000b\000o\000t\000T\000o\000o\000l\000\040\000\050\000i\000n\000\040\000m\000o\000d\000u\000l\000e\000\040\000r\000o\000b\000o\000t\000i\000c\000s\000\051}{section.7.20}% 213
\BOOKMARK [2][-]{subsection.7.20.5}{\376\377\000C\000L\000A\000S\000S\000\040\000V\000R\000o\000b\000o\000t\000B\000a\000s\000e\000\040\000\050\000i\000n\000\040\000m\000o\000d\000u\000l\000e\000\040\000r\000o\000b\000o\000t\000i\000c\000s\000\051}{section.7.20}% 214
\BOOKMARK [2][-]{subsection.7.20.6}{\376\377\000C\000L\000A\000S\000S\000\040\000R\000o\000b\000o\000t\000B\000a\000s\000e\000\040\000\050\000i\000n\000\040\000m\000o\000d\000u\000l\000e\000\040\000r\000o\000b\000o\000t\000i\000c\000s\000\051}{section.7.20}% 215
\BOOKMARK [2][-]{subsection.7.20.7}{\376\377\000C\000L\000A\000S\000S\000\040\000R\000o\000b\000o\000t\000\040\000\050\000i\000n\000\040\000m\000o\000d\000u\000l\000e\000\040\000r\000o\000b\000o\000t\000i\000c\000s\000\051}{section.7.20}% 216
\BOOKMARK [2][-]{subsection.7.20.8}{\376\377\000C\000L\000A\000S\000S\000\040\000I\000n\000v\000e\000r\000s\000e\000K\000i\000n\000e\000m\000a\000t\000i\000c\000s\000N\000u\000m\000e\000r\000i\000c\000a\000l\000\050\000\051\000\040\000\050\000i\000n\000\040\000m\000o\000d\000u\000l\000e\000\040\000r\000o\000b\000o\000t\000i\000c\000s\000\051}{section.7.20}% 217
\BOOKMARK [2][-]{subsection.7.20.9}{\376\377\000M\000o\000d\000u\000l\000e\000:\000\040\000r\000o\000b\000o\000t\000i\000c\000s\000.\000r\000o\000s\000I\000n\000t\000e\000r\000f\000a\000c\000e}{section.7.20}% 218
\BOOKMARK [2][-]{subsection.7.20.10}{\376\377\000M\000o\000d\000u\000l\000e\000:\000\040\000r\000o\000b\000o\000t\000i\000c\000s\000.\000f\000u\000t\000u\000r\000e}{section.7.20}% 219
\BOOKMARK [2][-]{subsection.7.20.11}{\376\377\000M\000o\000d\000u\000l\000e\000:\000\040\000r\000o\000b\000o\000t\000i\000c\000s\000.\000m\000o\000d\000e\000l\000s}{section.7.20}% 220
\BOOKMARK [2][-]{subsection.7.20.12}{\376\377\000M\000o\000d\000u\000l\000e\000:\000\040\000r\000o\000b\000o\000t\000i\000c\000s\000.\000m\000o\000b\000i\000l\000e}{section.7.20}% 221
\BOOKMARK [2][-]{subsection.7.20.13}{\376\377\000M\000o\000d\000u\000l\000e\000:\000\040\000r\000o\000b\000o\000t\000i\000c\000s\000.\000m\000o\000t\000i\000o\000n}{section.7.20}% 222
\BOOKMARK [2][-]{subsection.7.20.14}{\376\377\000M\000o\000d\000u\000l\000e\000:\000\040\000r\000o\000b\000o\000t\000i\000c\000s\000.\000s\000p\000e\000c\000i\000a\000l}{section.7.20}% 223
\BOOKMARK [2][-]{subsection.7.20.15}{\376\377\000M\000o\000d\000u\000l\000e\000:\000\040\000r\000o\000b\000o\000t\000i\000c\000s\000.\000u\000t\000i\000l\000i\000t\000i\000e\000s}{section.7.20}% 224
\BOOKMARK [1][-]{section.7.21}{\376\377\000M\000o\000d\000u\000l\000e\000:\000\040\000s\000i\000g\000n\000a\000l\000P\000r\000o\000c\000e\000s\000s\000i\000n\000g}{chapter.7}% 225
\BOOKMARK [1][-]{section.7.22}{\376\377\000M\000o\000d\000u\000l\000e\000:\000\040\000s\000o\000l\000v\000e\000r}{chapter.7}% 226
\BOOKMARK [1][-]{section.7.23}{\376\377\000M\000o\000d\000u\000l\000e\000:\000\040\000u\000t\000i\000l\000i\000t\000i\000e\000s}{chapter.7}% 227
\BOOKMARK [2][-]{subsection.7.23.1}{\376\377\000C\000L\000A\000S\000S\000\040\000T\000C\000P\000I\000P\000d\000a\000t\000a\000\040\000\050\000i\000n\000\040\000m\000o\000d\000u\000l\000e\000\040\000u\000t\000i\000l\000i\000t\000i\000e\000s\000\051}{section.7.23}% 228
\BOOKMARK [0][-]{chapter.8}{\376\377\000O\000b\000j\000e\000c\000t\000s\000,\000\040\000n\000o\000d\000e\000s\000,\000\040\000m\000a\000r\000k\000e\000r\000s\000,\000\040\000l\000o\000a\000d\000s\000\040\000a\000n\000d\000\040\000s\000e\000n\000s\000o\000r\000s\000\040\000r\000e\000f\000e\000r\000e\000n\000c\000e\000\040\000m\000a\000n\000u\000a\000l}{}% 229
\BOOKMARK [1][-]{section.8.1}{\376\377\000N\000o\000d\000e\000s}{chapter.8}% 230
\BOOKMARK [2][-]{subsection.8.1.1}{\376\377\000N\000o\000d\000e\000P\000o\000i\000n\000t}{section.8.1}% 231
\BOOKMARK [2][-]{subsection.8.1.2}{\376\377\000N\000o\000d\000e\000P\000o\000i\000n\000t\0002\000D}{section.8.1}% 232
\BOOKMARK [2][-]{subsection.8.1.3}{\376\377\000N\000o\000d\000e\000R\000i\000g\000i\000d\000B\000o\000d\000y\000E\000P}{section.8.1}% 233
\BOOKMARK [2][-]{subsection.8.1.4}{\376\377\000N\000o\000d\000e\000R\000i\000g\000i\000d\000B\000o\000d\000y\000R\000x\000y\000z}{section.8.1}% 234
\BOOKMARK [2][-]{subsection.8.1.5}{\376\377\000N\000o\000d\000e\000R\000i\000g\000i\000d\000B\000o\000d\000y\000R\000o\000t\000V\000e\000c\000L\000G}{section.8.1}% 235
\BOOKMARK [2][-]{subsection.8.1.6}{\376\377\000N\000o\000d\000e\000R\000i\000g\000i\000d\000B\000o\000d\000y\0002\000D}{section.8.1}% 236
\BOOKMARK [2][-]{subsection.8.1.7}{\376\377\000N\000o\000d\000e\0001\000D}{section.8.1}% 237
\BOOKMARK [2][-]{subsection.8.1.8}{\376\377\000N\000o\000d\000e\000P\000o\000i\000n\000t\0002\000D\000S\000l\000o\000p\000e\0001}{section.8.1}% 238
\BOOKMARK [2][-]{subsection.8.1.9}{\376\377\000N\000o\000d\000e\000P\000o\000i\000n\000t\000S\000l\000o\000p\000e\0001}{section.8.1}% 239
\BOOKMARK [2][-]{subsection.8.1.10}{\376\377\000N\000o\000d\000e\000P\000o\000i\000n\000t\000S\000l\000o\000p\000e\0001\0002}{section.8.1}% 240
\BOOKMARK [2][-]{subsection.8.1.11}{\376\377\000N\000o\000d\000e\000P\000o\000i\000n\000t\000S\000l\000o\000p\000e\0002\0003}{section.8.1}% 241
\BOOKMARK [2][-]{subsection.8.1.12}{\376\377\000N\000o\000d\000e\000G\000e\000n\000e\000r\000i\000c\000O\000D\000E\0002}{section.8.1}% 242
\BOOKMARK [2][-]{subsection.8.1.13}{\376\377\000N\000o\000d\000e\000G\000e\000n\000e\000r\000i\000c\000O\000D\000E\0001}{section.8.1}% 243
\BOOKMARK [2][-]{subsection.8.1.14}{\376\377\000N\000o\000d\000e\000G\000e\000n\000e\000r\000i\000c\000A\000E}{section.8.1}% 244
\BOOKMARK [2][-]{subsection.8.1.15}{\376\377\000N\000o\000d\000e\000G\000e\000n\000e\000r\000i\000c\000D\000a\000t\000a}{section.8.1}% 245
\BOOKMARK [2][-]{subsection.8.1.16}{\376\377\000N\000o\000d\000e\000P\000o\000i\000n\000t\000G\000r\000o\000u\000n\000d}{section.8.1}% 246
\BOOKMARK [1][-]{section.8.2}{\376\377\000O\000b\000j\000e\000c\000t\000s\000\040\000\050\000B\000o\000d\000y\000\051}{chapter.8}% 247
\BOOKMARK [2][-]{subsection.8.2.1}{\376\377\000O\000b\000j\000e\000c\000t\000G\000r\000o\000u\000n\000d}{section.8.2}% 248
\BOOKMARK [2][-]{subsection.8.2.2}{\376\377\000O\000b\000j\000e\000c\000t\000M\000a\000s\000s\000P\000o\000i\000n\000t}{section.8.2}% 249
\BOOKMARK [2][-]{subsection.8.2.3}{\376\377\000O\000b\000j\000e\000c\000t\000M\000a\000s\000s\000P\000o\000i\000n\000t\0002\000D}{section.8.2}% 250
\BOOKMARK [2][-]{subsection.8.2.4}{\376\377\000O\000b\000j\000e\000c\000t\000M\000a\000s\000s\0001\000D}{section.8.2}% 251
\BOOKMARK [2][-]{subsection.8.2.5}{\376\377\000O\000b\000j\000e\000c\000t\000R\000o\000t\000a\000t\000i\000o\000n\000a\000l\000M\000a\000s\000s\0001\000D}{section.8.2}% 252
\BOOKMARK [2][-]{subsection.8.2.6}{\376\377\000O\000b\000j\000e\000c\000t\000R\000i\000g\000i\000d\000B\000o\000d\000y}{section.8.2}% 253
\BOOKMARK [2][-]{subsection.8.2.7}{\376\377\000O\000b\000j\000e\000c\000t\000R\000i\000g\000i\000d\000B\000o\000d\000y\0002\000D}{section.8.2}% 254
\BOOKMARK [1][-]{section.8.3}{\376\377\000O\000b\000j\000e\000c\000t\000s\000\040\000\050\000S\000u\000p\000e\000r\000E\000l\000e\000m\000e\000n\000t\000\051}{chapter.8}% 255
\BOOKMARK [2][-]{subsection.8.3.1}{\376\377\000O\000b\000j\000e\000c\000t\000G\000e\000n\000e\000r\000i\000c\000O\000D\000E\0002}{section.8.3}% 256
\BOOKMARK [2][-]{subsection.8.3.2}{\376\377\000O\000b\000j\000e\000c\000t\000K\000i\000n\000e\000m\000a\000t\000i\000c\000T\000r\000e\000e}{section.8.3}% 257
\BOOKMARK [2][-]{subsection.8.3.3}{\376\377\000O\000b\000j\000e\000c\000t\000F\000F\000R\000F}{section.8.3}% 258
\BOOKMARK [2][-]{subsection.8.3.4}{\376\377\000O\000b\000j\000e\000c\000t\000F\000F\000R\000F\000r\000e\000d\000u\000c\000e\000d\000O\000r\000d\000e\000r}{section.8.3}% 259
\BOOKMARK [1][-]{section.8.4}{\376\377\000O\000b\000j\000e\000c\000t\000s\000\040\000\050\000F\000i\000n\000i\000t\000e\000E\000l\000e\000m\000e\000n\000t\000\051}{chapter.8}% 260
\BOOKMARK [2][-]{subsection.8.4.1}{\376\377\000O\000b\000j\000e\000c\000t\000A\000N\000C\000F\000C\000a\000b\000l\000e}{section.8.4}% 261
\BOOKMARK [2][-]{subsection.8.4.2}{\376\377\000O\000b\000j\000e\000c\000t\000A\000N\000C\000F\000C\000a\000b\000l\000e\0002\000D}{section.8.4}% 262
\BOOKMARK [2][-]{subsection.8.4.3}{\376\377\000O\000b\000j\000e\000c\000t\000A\000L\000E\000A\000N\000C\000F\000C\000a\000b\000l\000e\0002\000D}{section.8.4}% 263
\BOOKMARK [2][-]{subsection.8.4.4}{\376\377\000O\000b\000j\000e\000c\000t\000A\000N\000C\000F\000B\000e\000a\000m}{section.8.4}% 264
\BOOKMARK [2][-]{subsection.8.4.5}{\376\377\000O\000b\000j\000e\000c\000t\000B\000e\000a\000m\000G\000e\000o\000m\000e\000t\000r\000i\000c\000a\000l\000l\000y\000E\000x\000a\000c\000t\0002\000D}{section.8.4}% 265
\BOOKMARK [2][-]{subsection.8.4.6}{\376\377\000O\000b\000j\000e\000c\000t\000B\000e\000a\000m\000G\000e\000o\000m\000e\000t\000r\000i\000c\000a\000l\000l\000y\000E\000x\000a\000c\000t}{section.8.4}% 266
\BOOKMARK [2][-]{subsection.8.4.7}{\376\377\000O\000b\000j\000e\000c\000t\000A\000N\000C\000F\000T\000h\000i\000n\000P\000l\000a\000t\000e}{section.8.4}% 267
\BOOKMARK [1][-]{section.8.5}{\376\377\000O\000b\000j\000e\000c\000t\000s\000\040\000\050\000J\000o\000i\000n\000t\000\051}{chapter.8}% 268
\BOOKMARK [2][-]{subsection.8.5.1}{\376\377\000O\000b\000j\000e\000c\000t\000J\000o\000i\000n\000t\000G\000e\000n\000e\000r\000i\000c}{section.8.5}% 269
\BOOKMARK [2][-]{subsection.8.5.2}{\376\377\000O\000b\000j\000e\000c\000t\000J\000o\000i\000n\000t\000R\000e\000v\000o\000l\000u\000t\000e\000Z}{section.8.5}% 270
\BOOKMARK [2][-]{subsection.8.5.3}{\376\377\000O\000b\000j\000e\000c\000t\000J\000o\000i\000n\000t\000P\000r\000i\000s\000m\000a\000t\000i\000c\000X}{section.8.5}% 271
\BOOKMARK [2][-]{subsection.8.5.4}{\376\377\000O\000b\000j\000e\000c\000t\000J\000o\000i\000n\000t\000S\000p\000h\000e\000r\000i\000c\000a\000l}{section.8.5}% 272
\BOOKMARK [2][-]{subsection.8.5.5}{\376\377\000O\000b\000j\000e\000c\000t\000J\000o\000i\000n\000t\000R\000o\000l\000l\000i\000n\000g\000D\000i\000s\000c}{section.8.5}% 273
\BOOKMARK [2][-]{subsection.8.5.6}{\376\377\000O\000b\000j\000e\000c\000t\000J\000o\000i\000n\000t\000R\000e\000v\000o\000l\000u\000t\000e\0002\000D}{section.8.5}% 274
\BOOKMARK [2][-]{subsection.8.5.7}{\376\377\000O\000b\000j\000e\000c\000t\000J\000o\000i\000n\000t\000P\000r\000i\000s\000m\000a\000t\000i\000c\0002\000D}{section.8.5}% 275
\BOOKMARK [2][-]{subsection.8.5.8}{\376\377\000O\000b\000j\000e\000c\000t\000J\000o\000i\000n\000t\000S\000l\000i\000d\000i\000n\000g\0002\000D}{section.8.5}% 276
\BOOKMARK [2][-]{subsection.8.5.9}{\376\377\000O\000b\000j\000e\000c\000t\000J\000o\000i\000n\000t\000A\000L\000E\000M\000o\000v\000i\000n\000g\0002\000D}{section.8.5}% 277
\BOOKMARK [1][-]{section.8.6}{\376\377\000O\000b\000j\000e\000c\000t\000s\000\040\000\050\000C\000o\000n\000n\000e\000c\000t\000o\000r\000\051}{chapter.8}% 278
\BOOKMARK [2][-]{subsection.8.6.1}{\376\377\000O\000b\000j\000e\000c\000t\000C\000o\000n\000n\000e\000c\000t\000o\000r\000S\000p\000r\000i\000n\000g\000D\000a\000m\000p\000e\000r}{section.8.6}% 279
\BOOKMARK [2][-]{subsection.8.6.2}{\376\377\000O\000b\000j\000e\000c\000t\000C\000o\000n\000n\000e\000c\000t\000o\000r\000C\000a\000r\000t\000e\000s\000i\000a\000n\000S\000p\000r\000i\000n\000g\000D\000a\000m\000p\000e\000r}{section.8.6}% 280
\BOOKMARK [2][-]{subsection.8.6.3}{\376\377\000O\000b\000j\000e\000c\000t\000C\000o\000n\000n\000e\000c\000t\000o\000r\000R\000i\000g\000i\000d\000B\000o\000d\000y\000S\000p\000r\000i\000n\000g\000D\000a\000m\000p\000e\000r}{section.8.6}% 281
\BOOKMARK [2][-]{subsection.8.6.4}{\376\377\000O\000b\000j\000e\000c\000t\000C\000o\000n\000n\000e\000c\000t\000o\000r\000L\000i\000n\000e\000a\000r\000S\000p\000r\000i\000n\000g\000D\000a\000m\000p\000e\000r}{section.8.6}% 282
\BOOKMARK [2][-]{subsection.8.6.5}{\376\377\000O\000b\000j\000e\000c\000t\000C\000o\000n\000n\000e\000c\000t\000o\000r\000T\000o\000r\000s\000i\000o\000n\000a\000l\000S\000p\000r\000i\000n\000g\000D\000a\000m\000p\000e\000r}{section.8.6}% 283
\BOOKMARK [2][-]{subsection.8.6.6}{\376\377\000O\000b\000j\000e\000c\000t\000C\000o\000n\000n\000e\000c\000t\000o\000r\000C\000o\000o\000r\000d\000i\000n\000a\000t\000e\000S\000p\000r\000i\000n\000g\000D\000a\000m\000p\000e\000r}{section.8.6}% 284
\BOOKMARK [2][-]{subsection.8.6.7}{\376\377\000O\000b\000j\000e\000c\000t\000C\000o\000n\000n\000e\000c\000t\000o\000r\000C\000o\000o\000r\000d\000i\000n\000a\000t\000e\000S\000p\000r\000i\000n\000g\000D\000a\000m\000p\000e\000r\000E\000x\000t}{section.8.6}% 285
\BOOKMARK [2][-]{subsection.8.6.8}{\376\377\000O\000b\000j\000e\000c\000t\000C\000o\000n\000n\000e\000c\000t\000o\000r\000G\000r\000a\000v\000i\000t\000y}{section.8.6}% 286
\BOOKMARK [2][-]{subsection.8.6.9}{\376\377\000O\000b\000j\000e\000c\000t\000C\000o\000n\000n\000e\000c\000t\000o\000r\000H\000y\000d\000r\000a\000u\000l\000i\000c\000A\000c\000t\000u\000a\000t\000o\000r\000S\000i\000m\000p\000l\000e}{section.8.6}% 287
\BOOKMARK [2][-]{subsection.8.6.10}{\376\377\000O\000b\000j\000e\000c\000t\000C\000o\000n\000n\000e\000c\000t\000o\000r\000R\000e\000e\000v\000i\000n\000g\000S\000y\000s\000t\000e\000m\000S\000p\000r\000i\000n\000g\000s}{section.8.6}% 288
\BOOKMARK [2][-]{subsection.8.6.11}{\376\377\000O\000b\000j\000e\000c\000t\000C\000o\000n\000n\000e\000c\000t\000o\000r\000R\000o\000l\000l\000i\000n\000g\000D\000i\000s\000c\000P\000e\000n\000a\000l\000t\000y}{section.8.6}% 289
\BOOKMARK [2][-]{subsection.8.6.12}{\376\377\000O\000b\000j\000e\000c\000t\000C\000o\000n\000t\000a\000c\000t\000C\000o\000n\000v\000e\000x\000R\000o\000l\000l}{section.8.6}% 290
\BOOKMARK [2][-]{subsection.8.6.13}{\376\377\000O\000b\000j\000e\000c\000t\000C\000o\000n\000t\000a\000c\000t\000C\000o\000o\000r\000d\000i\000n\000a\000t\000e}{section.8.6}% 291
\BOOKMARK [2][-]{subsection.8.6.14}{\376\377\000O\000b\000j\000e\000c\000t\000C\000o\000n\000t\000a\000c\000t\000C\000i\000r\000c\000l\000e\000C\000a\000b\000l\000e\0002\000D}{section.8.6}% 292
\BOOKMARK [2][-]{subsection.8.6.15}{\376\377\000O\000b\000j\000e\000c\000t\000C\000o\000n\000t\000a\000c\000t\000F\000r\000i\000c\000t\000i\000o\000n\000C\000i\000r\000c\000l\000e\000C\000a\000b\000l\000e\0002\000D}{section.8.6}% 293
\BOOKMARK [2][-]{subsection.8.6.16}{\376\377\000O\000b\000j\000e\000c\000t\000C\000o\000n\000t\000a\000c\000t\000S\000p\000h\000e\000r\000e\000S\000p\000h\000e\000r\000e}{section.8.6}% 294
\BOOKMARK [2][-]{subsection.8.6.17}{\376\377\000O\000b\000j\000e\000c\000t\000C\000o\000n\000t\000a\000c\000t\000S\000p\000h\000e\000r\000e\000T\000o\000r\000u\000s}{section.8.6}% 295
\BOOKMARK [2][-]{subsection.8.6.18}{\376\377\000O\000b\000j\000e\000c\000t\000C\000o\000n\000t\000a\000c\000t\000S\000p\000h\000e\000r\000e\000T\000r\000i\000a\000n\000g\000l\000e}{section.8.6}% 296
\BOOKMARK [2][-]{subsection.8.6.19}{\376\377\000O\000b\000j\000e\000c\000t\000C\000o\000n\000t\000a\000c\000t\000C\000u\000r\000v\000e\000C\000i\000r\000c\000l\000e\000s}{section.8.6}% 297
\BOOKMARK [1][-]{section.8.7}{\376\377\000O\000b\000j\000e\000c\000t\000s\000\040\000\050\000C\000o\000n\000s\000t\000r\000a\000i\000n\000t\000\051}{chapter.8}% 298
\BOOKMARK [2][-]{subsection.8.7.1}{\376\377\000O\000b\000j\000e\000c\000t\000C\000o\000n\000n\000e\000c\000t\000o\000r\000D\000i\000s\000t\000a\000n\000c\000e}{section.8.7}% 299
\BOOKMARK [2][-]{subsection.8.7.2}{\376\377\000O\000b\000j\000e\000c\000t\000C\000o\000n\000n\000e\000c\000t\000o\000r\000C\000o\000o\000r\000d\000i\000n\000a\000t\000e}{section.8.7}% 300
\BOOKMARK [2][-]{subsection.8.7.3}{\376\377\000O\000b\000j\000e\000c\000t\000C\000o\000n\000n\000e\000c\000t\000o\000r\000C\000o\000o\000r\000d\000i\000n\000a\000t\000e\000V\000e\000c\000t\000o\000r}{section.8.7}% 301
\BOOKMARK [1][-]{section.8.8}{\376\377\000O\000b\000j\000e\000c\000t\000s\000\040\000\050\000O\000b\000j\000e\000c\000t\000\051}{chapter.8}% 302
\BOOKMARK [2][-]{subsection.8.8.1}{\376\377\000O\000b\000j\000e\000c\000t\000G\000e\000n\000e\000r\000i\000c\000O\000D\000E\0001}{section.8.8}% 303
\BOOKMARK [1][-]{section.8.9}{\376\377\000M\000a\000r\000k\000e\000r\000s}{chapter.8}% 304
\BOOKMARK [2][-]{subsection.8.9.1}{\376\377\000M\000a\000r\000k\000e\000r\000B\000o\000d\000y\000M\000a\000s\000s}{section.8.9}% 305
\BOOKMARK [2][-]{subsection.8.9.2}{\376\377\000M\000a\000r\000k\000e\000r\000B\000o\000d\000y\000P\000o\000s\000i\000t\000i\000o\000n}{section.8.9}% 306
\BOOKMARK [2][-]{subsection.8.9.3}{\376\377\000M\000a\000r\000k\000e\000r\000B\000o\000d\000y\000R\000i\000g\000i\000d}{section.8.9}% 307
\BOOKMARK [2][-]{subsection.8.9.4}{\376\377\000M\000a\000r\000k\000e\000r\000N\000o\000d\000e\000P\000o\000s\000i\000t\000i\000o\000n}{section.8.9}% 308
\BOOKMARK [2][-]{subsection.8.9.5}{\376\377\000M\000a\000r\000k\000e\000r\000N\000o\000d\000e\000R\000i\000g\000i\000d}{section.8.9}% 309
\BOOKMARK [2][-]{subsection.8.9.6}{\376\377\000M\000a\000r\000k\000e\000r\000N\000o\000d\000e\000C\000o\000o\000r\000d\000i\000n\000a\000t\000e}{section.8.9}% 310
\BOOKMARK [2][-]{subsection.8.9.7}{\376\377\000M\000a\000r\000k\000e\000r\000N\000o\000d\000e\000C\000o\000o\000r\000d\000i\000n\000a\000t\000e\000s}{section.8.9}% 311
\BOOKMARK [2][-]{subsection.8.9.8}{\376\377\000M\000a\000r\000k\000e\000r\000N\000o\000d\000e\000O\000D\000E\0001\000C\000o\000o\000r\000d\000i\000n\000a\000t\000e}{section.8.9}% 312
\BOOKMARK [2][-]{subsection.8.9.9}{\376\377\000M\000a\000r\000k\000e\000r\000N\000o\000d\000e\000R\000o\000t\000a\000t\000i\000o\000n\000C\000o\000o\000r\000d\000i\000n\000a\000t\000e}{section.8.9}% 313
\BOOKMARK [2][-]{subsection.8.9.10}{\376\377\000M\000a\000r\000k\000e\000r\000B\000o\000d\000i\000e\000s\000R\000e\000l\000a\000t\000i\000v\000e\000T\000r\000a\000n\000s\000l\000a\000t\000i\000o\000n\000C\000o\000o\000r\000d\000i\000n\000a\000t\000e}{section.8.9}% 314
\BOOKMARK [2][-]{subsection.8.9.11}{\376\377\000M\000a\000r\000k\000e\000r\000B\000o\000d\000i\000e\000s\000R\000e\000l\000a\000t\000i\000v\000e\000R\000o\000t\000a\000t\000i\000o\000n\000C\000o\000o\000r\000d\000i\000n\000a\000t\000e}{section.8.9}% 315
\BOOKMARK [2][-]{subsection.8.9.12}{\376\377\000M\000a\000r\000k\000e\000r\000S\000u\000p\000e\000r\000E\000l\000e\000m\000e\000n\000t\000P\000o\000s\000i\000t\000i\000o\000n}{section.8.9}% 316
\BOOKMARK [2][-]{subsection.8.9.13}{\376\377\000M\000a\000r\000k\000e\000r\000S\000u\000p\000e\000r\000E\000l\000e\000m\000e\000n\000t\000R\000i\000g\000i\000d}{section.8.9}% 317
\BOOKMARK [2][-]{subsection.8.9.14}{\376\377\000M\000a\000r\000k\000e\000r\000K\000i\000n\000e\000m\000a\000t\000i\000c\000T\000r\000e\000e\000R\000i\000g\000i\000d}{section.8.9}% 318
\BOOKMARK [2][-]{subsection.8.9.15}{\376\377\000M\000a\000r\000k\000e\000r\000O\000b\000j\000e\000c\000t\000O\000D\000E\0002\000C\000o\000o\000r\000d\000i\000n\000a\000t\000e\000s}{section.8.9}% 319
\BOOKMARK [2][-]{subsection.8.9.16}{\376\377\000M\000a\000r\000k\000e\000r\000B\000o\000d\000y\000C\000a\000b\000l\000e\0002\000D\000S\000h\000a\000p\000e}{section.8.9}% 320
\BOOKMARK [2][-]{subsection.8.9.17}{\376\377\000M\000a\000r\000k\000e\000r\000B\000o\000d\000y\000C\000a\000b\000l\000e\0002\000D\000C\000o\000o\000r\000d\000i\000n\000a\000t\000e\000s}{section.8.9}% 321
\BOOKMARK [1][-]{section.8.10}{\376\377\000L\000o\000a\000d\000s}{chapter.8}% 322
\BOOKMARK [2][-]{subsection.8.10.1}{\376\377\000L\000o\000a\000d\000F\000o\000r\000c\000e\000V\000e\000c\000t\000o\000r}{section.8.10}% 323
\BOOKMARK [2][-]{subsection.8.10.2}{\376\377\000L\000o\000a\000d\000T\000o\000r\000q\000u\000e\000V\000e\000c\000t\000o\000r}{section.8.10}% 324
\BOOKMARK [2][-]{subsection.8.10.3}{\376\377\000L\000o\000a\000d\000M\000a\000s\000s\000P\000r\000o\000p\000o\000r\000t\000i\000o\000n\000a\000l}{section.8.10}% 325
\BOOKMARK [2][-]{subsection.8.10.4}{\376\377\000L\000o\000a\000d\000C\000o\000o\000r\000d\000i\000n\000a\000t\000e}{section.8.10}% 326
\BOOKMARK [1][-]{section.8.11}{\376\377\000S\000e\000n\000s\000o\000r\000s}{chapter.8}% 327
\BOOKMARK [2][-]{subsection.8.11.1}{\376\377\000S\000e\000n\000s\000o\000r\000N\000o\000d\000e}{section.8.11}% 328
\BOOKMARK [2][-]{subsection.8.11.2}{\376\377\000S\000e\000n\000s\000o\000r\000O\000b\000j\000e\000c\000t}{section.8.11}% 329
\BOOKMARK [2][-]{subsection.8.11.3}{\376\377\000S\000e\000n\000s\000o\000r\000B\000o\000d\000y}{section.8.11}% 330
\BOOKMARK [2][-]{subsection.8.11.4}{\376\377\000S\000e\000n\000s\000o\000r\000S\000u\000p\000e\000r\000E\000l\000e\000m\000e\000n\000t}{section.8.11}% 331
\BOOKMARK [2][-]{subsection.8.11.5}{\376\377\000S\000e\000n\000s\000o\000r\000K\000i\000n\000e\000m\000a\000t\000i\000c\000T\000r\000e\000e}{section.8.11}% 332
\BOOKMARK [2][-]{subsection.8.11.6}{\376\377\000S\000e\000n\000s\000o\000r\000M\000a\000r\000k\000e\000r}{section.8.11}% 333
\BOOKMARK [2][-]{subsection.8.11.7}{\376\377\000S\000e\000n\000s\000o\000r\000L\000o\000a\000d}{section.8.11}% 334
\BOOKMARK [2][-]{subsection.8.11.8}{\376\377\000S\000e\000n\000s\000o\000r\000U\000s\000e\000r\000F\000u\000n\000c\000t\000i\000o\000n}{section.8.11}% 335
\BOOKMARK [0][-]{chapter.9}{\376\377\000S\000t\000r\000u\000c\000t\000u\000r\000e\000s\000\040\000a\000n\000d\000\040\000S\000e\000t\000t\000i\000n\000g\000s}{}% 336
\BOOKMARK [1][-]{section.9.1}{\376\377\000S\000t\000r\000u\000c\000t\000u\000r\000e\000s\000\040\000f\000o\000r\000\040\000s\000t\000r\000u\000c\000t\000u\000r\000a\000l\000\040\000e\000l\000e\000m\000e\000n\000t\000s}{chapter.9}% 337
\BOOKMARK [1][-]{section.9.2}{\376\377\000S\000i\000m\000u\000l\000a\000t\000i\000o\000n\000\040\000s\000e\000t\000t\000i\000n\000g\000s}{chapter.9}% 338
\BOOKMARK [1][-]{section.9.3}{\376\377\000V\000i\000s\000u\000a\000l\000i\000z\000a\000t\000i\000o\000n\000\040\000s\000e\000t\000t\000i\000n\000g\000s}{chapter.9}% 339
\BOOKMARK [1][-]{section.9.4}{\376\377\000S\000o\000l\000v\000e\000r\000\040\000s\000u\000b\000s\000t\000r\000u\000c\000t\000u\000r\000e\000s}{chapter.9}% 340
\BOOKMARK [0][-]{chapter.10}{\376\377\000G\000r\000a\000p\000h\000i\000c\000s\000\040\000a\000n\000d\000\040\000v\000i\000s\000u\000a\000l\000i\000z\000a\000t\000i\000o\000n}{}% 341
\BOOKMARK [1][-]{section.10.1}{\376\377\000M\000o\000u\000s\000e\000\040\000i\000n\000p\000u\000t}{chapter.10}% 342
\BOOKMARK [2][-]{subsection.10.1.1}{\376\377\0006\000D\000\040\000m\000o\000u\000s\000e}{section.10.1}% 343
\BOOKMARK [1][-]{section.10.2}{\376\377\000K\000e\000y\000b\000o\000a\000r\000d\000\040\000i\000n\000p\000u\000t}{chapter.10}% 344
\BOOKMARK [1][-]{section.10.3}{\376\377\000R\000e\000n\000d\000e\000r\000\040\000s\000t\000a\000t\000e}{chapter.10}% 345
\BOOKMARK [1][-]{section.10.4}{\376\377\000G\000r\000a\000p\000h\000i\000c\000s\000D\000a\000t\000a}{chapter.10}% 346
\BOOKMARK [2][-]{subsection.10.4.1}{\376\377\000B\000o\000d\000y\000G\000r\000a\000p\000h\000i\000c\000s\000D\000a\000t\000a}{section.10.4}% 347
\BOOKMARK [2][-]{subsection.10.4.2}{\376\377\000G\000r\000a\000p\000h\000i\000c\000s\000D\000a\000t\000a\000:\000\040\000L\000i\000n\000e}{section.10.4}% 348
\BOOKMARK [2][-]{subsection.10.4.3}{\376\377\000G\000r\000a\000p\000h\000i\000c\000s\000D\000a\000t\000a\000:\000\040\000L\000i\000n\000e\000s}{section.10.4}% 349
\BOOKMARK [2][-]{subsection.10.4.4}{\376\377\000G\000r\000a\000p\000h\000i\000c\000s\000D\000a\000t\000a\000:\000\040\000C\000i\000r\000c\000l\000e}{section.10.4}% 350
\BOOKMARK [2][-]{subsection.10.4.5}{\376\377\000G\000r\000a\000p\000h\000i\000c\000s\000D\000a\000t\000a\000:\000\040\000T\000e\000x\000t}{section.10.4}% 351
\BOOKMARK [2][-]{subsection.10.4.6}{\376\377\000G\000r\000a\000p\000h\000i\000c\000s\000D\000a\000t\000a\000:\000\040\000T\000r\000i\000a\000n\000g\000l\000e\000L\000i\000s\000t}{section.10.4}% 352
\BOOKMARK [1][-]{section.10.5}{\376\377\000C\000h\000a\000r\000a\000c\000t\000e\000r\000\040\000e\000n\000c\000o\000d\000i\000n\000g\000:\000\040\000U\000T\000F\000-\0008}{chapter.10}% 353
\BOOKMARK [0][-]{chapter.11}{\376\377\000S\000o\000l\000v\000e\000r\000s}{}% 354
\BOOKMARK [1][-]{section.11.1}{\376\377\000S\000o\000l\000v\000e\000r\000s\000\040\000i\000n\000\040\000E\000x\000u\000d\000y\000n\000\040}{chapter.11}% 355
\BOOKMARK [2][-]{subsection.11.1.1}{\376\377\000S\000y\000s\000t\000e\000m\000\040\000e\000q\000u\000a\000t\000i\000o\000n\000s\000\040\000o\000f\000\040\000m\000o\000t\000i\000o\000n}{section.11.1}% 356
\BOOKMARK [1][-]{section.11.2}{\376\377\000G\000e\000n\000e\000r\000a\000l\000\040\000s\000o\000l\000v\000e\000r\000\040\000s\000t\000r\000u\000c\000t\000u\000r\000e}{chapter.11}% 357
\BOOKMARK [1][-]{section.11.3}{\376\377\000E\000x\000p\000l\000i\000c\000i\000t\000\040\000s\000o\000l\000v\000e\000r\000s}{chapter.11}% 358
\BOOKMARK [2][-]{subsection.11.3.1}{\376\377\000E\000x\000p\000l\000i\000c\000i\000t\000\040\000R\000u\000n\000g\000e\000-\000K\000u\000t\000t\000a\000\040\000m\000e\000t\000h\000o\000d}{section.11.3}% 359
\BOOKMARK [2][-]{subsection.11.3.2}{\376\377\000A\000u\000t\000o\000m\000a\000t\000i\000c\000\040\000s\000t\000e\000p\000\040\000s\000i\000z\000e\000\040\000c\000o\000n\000t\000r\000o\000l}{section.11.3}% 360
\BOOKMARK [2][-]{subsection.11.3.3}{\376\377\000S\000t\000a\000b\000i\000l\000i\000t\000y\000\040\000l\000i\000m\000i\000t}{section.11.3}% 361
\BOOKMARK [2][-]{subsection.11.3.4}{\376\377\000E\000x\000p\000l\000i\000c\000i\000t\000\040\000L\000i\000e\000\040\000g\000r\000o\000u\000p\000\040\000i\000n\000t\000e\000g\000r\000a\000t\000o\000r\000s}{section.11.3}% 362
\BOOKMARK [2][-]{subsection.11.3.5}{\376\377\000C\000o\000n\000s\000t\000r\000a\000i\000n\000t\000s\000\040\000w\000i\000t\000h\000\040\000e\000x\000p\000l\000i\000c\000i\000t\000\040\000s\000o\000l\000v\000e\000r\000s}{section.11.3}% 363
\BOOKMARK [1][-]{section.11.4}{\376\377\000I\000m\000p\000l\000i\000c\000i\000t\000\040\000t\000r\000a\000p\000e\000z\000o\000i\000d\000a\000l\000\040\000r\000u\000l\000e\000-\000b\000a\000s\000e\000d\000,\000\040\000N\000e\000w\000m\000a\000r\000k\000\040\000a\000n\000d\000\040\000G\000e\000n\000e\000r\000a\000l\000i\000z\000e\000d\000-\000a\000l\000p\000h\000a\000\040\000s\000o\000l\000v\000e\000r}{chapter.11}% 364
\BOOKMARK [2][-]{subsection.11.4.1}{\376\377\000N\000e\000w\000m\000a\000r\000k\000\040\000a\000n\000d\000\040\000G\000e\000n\000e\000r\000a\000l\000i\000z\000e\000d\000-\000a\000l\000p\000h\000a\000\040\000m\000e\000t\000h\000o\000d}{section.11.4}% 365
\BOOKMARK [2][-]{subsection.11.4.2}{\376\377\000P\000a\000r\000a\000m\000e\000t\000e\000r\000\040\000s\000e\000l\000e\000c\000t\000i\000o\000n\000\040\000f\000o\000r\000\040\000G\000e\000n\000e\000r\000a\000l\000i\000z\000e\000d\000-\000a\000l\000p\000h\000a}{section.11.4}% 366
\BOOKMARK [2][-]{subsection.11.4.3}{\376\377\000N\000e\000w\000t\000o\000n\000\040\000i\000t\000e\000r\000a\000t\000i\000o\000n}{section.11.4}% 367
\BOOKMARK [2][-]{subsection.11.4.4}{\376\377\000I\000n\000i\000t\000i\000a\000l\000\040\000a\000c\000c\000e\000l\000e\000r\000a\000t\000i\000o\000n\000s}{section.11.4}% 368
\BOOKMARK [1][-]{section.11.5}{\376\377\000O\000p\000t\000i\000m\000i\000z\000a\000t\000i\000o\000n\000\040\000a\000n\000d\000\040\000p\000a\000r\000a\000m\000e\000t\000e\000r\000\040\000v\000a\000r\000i\000a\000t\000i\000o\000n}{chapter.11}% 369
\BOOKMARK [2][-]{subsection.11.5.1}{\376\377\000P\000a\000r\000a\000m\000e\000t\000e\000r\000\040\000V\000a\000r\000i\000a\000t\000i\000o\000n}{section.11.5}% 370
\BOOKMARK [2][-]{subsection.11.5.2}{\376\377\000G\000e\000n\000e\000t\000i\000c\000\040\000O\000p\000t\000i\000m\000i\000z\000a\000t\000i\000o\000n}{section.11.5}% 371
\BOOKMARK [0][-]{chapter.12}{\376\377\000I\000s\000s\000u\000e\000s\000\040\000a\000n\000d\000\040\000b\000u\000g\000s}{}% 372
\BOOKMARK [1][-]{section.12.1}{\376\377\000R\000e\000s\000o\000l\000v\000e\000d\000\040\000i\000s\000s\000u\000e\000s\000\040\000a\000n\000d\000\040\000r\000e\000s\000o\000l\000v\000e\000d\000\040\000b\000u\000g\000s}{chapter.12}% 373
\BOOKMARK [1][-]{section.12.2}{\376\377\000K\000n\000o\000w\000n\000\040\000o\000p\000e\000n\000\040\000b\000u\000g\000s}{chapter.12}% 374
\BOOKMARK [0][-]{section*.176}{\376\377\000R\000e\000f\000e\000r\000e\000n\000c\000e\000s}{}% 375
\BOOKMARK [0][-]{chapter.13}{\376\377\000L\000i\000c\000e\000n\000s\000e}{}% 376
